2018-03-20 14:42:05,017 - Default Properties File: org/apache/velocity/runtime/defaults/velocity.properties
2018-03-20 14:42:05,017 - Trying to use logger class org.apache.velocity.runtime.log.SimpleLog4JLogSystem
2018-03-20 14:42:05,017 - Using logger class org.apache.velocity.runtime.log.SimpleLog4JLogSystem
2018-03-20 14:42:05,025 - Default ResourceManager initializing. (class org.apache.velocity.runtime.resource.ResourceManagerImpl)
2018-03-20 14:42:05,032 - Resource Loader Instantiated: org.apache.velocity.runtime.resource.loader.ClasspathResourceLoader
2018-03-20 14:42:05,032 - ClasspathResourceLoader : initialization starting.
2018-03-20 14:42:05,032 - ClasspathResourceLoader : initialization complete.
2018-03-20 14:42:05,037 - ResourceCache : initialized. (class org.apache.velocity.runtime.resource.ResourceCacheImpl)
2018-03-20 14:42:05,037 - Default ResourceManager initialization complete.
2018-03-20 14:42:05,042 - Loaded System Directive: org.apache.velocity.runtime.directive.Literal
2018-03-20 14:42:05,046 - Loaded System Directive: org.apache.velocity.runtime.directive.Macro
2018-03-20 14:42:05,053 - Loaded System Directive: org.apache.velocity.runtime.directive.Parse
2018-03-20 14:42:05,058 - Loaded System Directive: org.apache.velocity.runtime.directive.Include
2018-03-20 14:42:05,060 - Loaded System Directive: org.apache.velocity.runtime.directive.Foreach
2018-03-20 14:42:05,107 - Created: 20 parsers.
2018-03-20 14:42:05,133 - Velocimacro : initialization starting.
2018-03-20 14:42:05,133 - Velocimacro : adding VMs from VM library template : VM_global_library.vm
2018-03-20 14:42:05,141 - ResourceManager : unable to find resource 'VM_global_library.vm' in any resource loader.
2018-03-20 14:42:05,141 - Velocimacro : error using  VM library template VM_global_library.vm : org.apache.velocity.exception.ResourceNotFoundException: Unable to find resource 'VM_global_library.vm'
2018-03-20 14:42:05,141 - Velocimacro :  VM library template macro registration complete.
2018-03-20 14:42:05,141 - Velocimacro : allowInline = true : VMs can be defined inline in templates
2018-03-20 14:42:05,141 - Velocimacro : allowInlineToOverride = false : VMs defined inline may NOT replace previous VM definitions
2018-03-20 14:42:05,141 - Velocimacro : allowInlineLocal = false : VMs defined inline will be  global in scope if allowed.
2018-03-20 14:42:05,141 - Velocimacro : messages on  : VM system will output logging messages
2018-03-20 14:42:05,141 - Velocimacro : autoload off  : VM system will not automatically reload global library macros
2018-03-20 14:42:05,141 - Velocimacro : initialization complete.
2018-03-20 14:42:05,141 - Velocity successfully started.
2018-03-20 14:46:42,938 - SimpleLog4JLogSystem initialized using logfile 'velocity.log'
2018-03-20 14:46:42,939 - ************************************************************** 
2018-03-20 14:46:42,939 - Starting Jakarta Velocity v1.4
2018-03-20 14:46:42,939 - RuntimeInstance initializing.
2018-03-20 14:46:42,939 - Default Properties File: org/apache/velocity/runtime/defaults/velocity.properties
2018-03-20 14:46:42,939 - Trying to use logger class org.apache.velocity.runtime.log.SimpleLog4JLogSystem
2018-03-20 14:46:42,939 - Using logger class org.apache.velocity.runtime.log.SimpleLog4JLogSystem
2018-03-20 14:46:42,946 - Default ResourceManager initializing. (class org.apache.velocity.runtime.resource.ResourceManagerImpl)
2018-03-20 14:46:42,952 - Resource Loader Instantiated: org.apache.velocity.runtime.resource.loader.ClasspathResourceLoader
2018-03-20 14:46:42,953 - ClasspathResourceLoader : initialization starting.
2018-03-20 14:46:42,953 - ClasspathResourceLoader : initialization complete.
2018-03-20 14:46:42,957 - ResourceCache : initialized. (class org.apache.velocity.runtime.resource.ResourceCacheImpl)
2018-03-20 14:46:42,957 - Default ResourceManager initialization complete.
2018-03-20 14:46:42,961 - Loaded System Directive: org.apache.velocity.runtime.directive.Literal
2018-03-20 14:46:42,966 - Loaded System Directive: org.apache.velocity.runtime.directive.Macro
2018-03-20 14:46:42,973 - Loaded System Directive: org.apache.velocity.runtime.directive.Parse
2018-03-20 14:46:42,978 - Loaded System Directive: org.apache.velocity.runtime.directive.Include
2018-03-20 14:46:42,980 - Loaded System Directive: org.apache.velocity.runtime.directive.Foreach
2018-03-20 14:46:43,025 - Created: 20 parsers.
2018-03-20 14:46:43,038 - Velocimacro : initialization starting.
2018-03-20 14:46:43,038 - Velocimacro : adding VMs from VM library template : VM_global_library.vm
2018-03-20 14:46:43,046 - ResourceManager : unable to find resource 'VM_global_library.vm' in any resource loader.
2018-03-20 14:46:43,046 - Velocimacro : error using  VM library template VM_global_library.vm : org.apache.velocity.exception.ResourceNotFoundException: Unable to find resource 'VM_global_library.vm'
2018-03-20 14:46:43,046 - Velocimacro :  VM library template macro registration complete.
2018-03-20 14:46:43,046 - Velocimacro : allowInline = true : VMs can be defined inline in templates
2018-03-20 14:46:43,046 - Velocimacro : allowInlineToOverride = false : VMs defined inline may NOT replace previous VM definitions
2018-03-20 14:46:43,046 - Velocimacro : allowInlineLocal = false : VMs defined inline will be  global in scope if allowed.
2018-03-20 14:46:43,046 - Velocimacro : messages on  : VM system will output logging messages
2018-03-20 14:46:43,046 - Velocimacro : autoload off  : VM system will not automatically reload global library macros
2018-03-20 14:46:43,046 - Velocimacro : initialization complete.
2018-03-20 14:46:43,046 - Velocity successfully started.
2018-03-20 14:51:48,576 - SimpleLog4JLogSystem initialized using logfile 'velocity.log'
2018-03-20 14:51:48,576 - ************************************************************** 
2018-03-20 14:51:48,576 - Starting Jakarta Velocity v1.4
2018-03-20 14:51:48,576 - RuntimeInstance initializing.
2018-03-20 14:51:48,576 - Default Properties File: org/apache/velocity/runtime/defaults/velocity.properties
2018-03-20 14:51:48,576 - Trying to use logger class org.apache.velocity.runtime.log.SimpleLog4JLogSystem
2018-03-20 14:51:48,576 - Using logger class org.apache.velocity.runtime.log.SimpleLog4JLogSystem
2018-03-20 14:51:48,584 - Default ResourceManager initializing. (class org.apache.velocity.runtime.resource.ResourceManagerImpl)
2018-03-20 14:51:48,592 - Resource Loader Instantiated: org.apache.velocity.runtime.resource.loader.ClasspathResourceLoader
2018-03-20 14:51:48,592 - ClasspathResourceLoader : initialization starting.
2018-03-20 14:51:48,592 - ClasspathResourceLoader : initialization complete.
2018-03-20 14:51:48,597 - ResourceCache : initialized. (class org.apache.velocity.runtime.resource.ResourceCacheImpl)
2018-03-20 14:51:48,597 - Default ResourceManager initialization complete.
2018-03-20 14:51:48,602 - Loaded System Directive: org.apache.velocity.runtime.directive.Literal
2018-03-20 14:51:48,607 - Loaded System Directive: org.apache.velocity.runtime.directive.Macro
2018-03-20 14:51:48,614 - Loaded System Directive: org.apache.velocity.runtime.directive.Parse
2018-03-20 14:51:48,619 - Loaded System Directive: org.apache.velocity.runtime.directive.Include
2018-03-20 14:51:48,621 - Loaded System Directive: org.apache.velocity.runtime.directive.Foreach
2018-03-20 14:51:48,668 - Created: 20 parsers.
2018-03-20 14:51:48,680 - Velocimacro : initialization starting.
2018-03-20 14:51:48,680 - Velocimacro : adding VMs from VM library template : VM_global_library.vm
2018-03-20 14:51:48,688 - ResourceManager : unable to find resource 'VM_global_library.vm' in any resource loader.
2018-03-20 14:51:48,688 - Velocimacro : error using  VM library template VM_global_library.vm : org.apache.velocity.exception.ResourceNotFoundException: Unable to find resource 'VM_global_library.vm'
2018-03-20 14:51:48,688 - Velocimacro :  VM library template macro registration complete.
2018-03-20 14:51:48,688 - Velocimacro : allowInline = true : VMs can be defined inline in templates
2018-03-20 14:51:48,689 - Velocimacro : allowInlineToOverride = false : VMs defined inline may NOT replace previous VM definitions
2018-03-20 14:51:48,689 - Velocimacro : allowInlineLocal = false : VMs defined inline will be  global in scope if allowed.
2018-03-20 14:51:48,689 - Velocimacro : messages on  : VM system will output logging messages
2018-03-20 14:51:48,689 - Velocimacro : autoload off  : VM system will not automatically reload global library macros
2018-03-20 14:51:48,689 - Velocimacro : initialization complete.
2018-03-20 14:51:48,689 - Velocity successfully started.
2018-03-20 15:06:03,296 - SimpleLog4JLogSystem initialized using logfile 'velocity.log'
2018-03-20 15:06:03,296 - ************************************************************** 
2018-03-20 15:06:03,296 - Starting Jakarta Velocity v1.4
2018-03-20 15:06:03,296 - RuntimeInstance initializing.
2018-03-20 15:06:03,296 - Default Properties File: org/apache/velocity/runtime/defaults/velocity.properties
2018-03-20 15:06:03,296 - Trying to use logger class org.apache.velocity.runtime.log.SimpleLog4JLogSystem
2018-03-20 15:06:03,296 - Using logger class org.apache.velocity.runtime.log.SimpleLog4JLogSystem
2018-03-20 15:06:03,304 - Default ResourceManager initializing. (class org.apache.velocity.runtime.resource.ResourceManagerImpl)
2018-03-20 15:06:03,312 - Resource Loader Instantiated: org.apache.velocity.runtime.resource.loader.ClasspathResourceLoader
2018-03-20 15:06:03,312 - ClasspathResourceLoader : initialization starting.
2018-03-20 15:06:03,312 - ClasspathResourceLoader : initialization complete.
2018-03-20 15:06:03,317 - ResourceCache : initialized. (class org.apache.velocity.runtime.resource.ResourceCacheImpl)
2018-03-20 15:06:03,317 - Default ResourceManager initialization complete.
2018-03-20 15:06:03,322 - Loaded System Directive: org.apache.velocity.runtime.directive.Literal
2018-03-20 15:06:03,326 - Loaded System Directive: org.apache.velocity.runtime.directive.Macro
2018-03-20 15:06:03,334 - Loaded System Directive: org.apache.velocity.runtime.directive.Parse
2018-03-20 15:06:03,339 - Loaded System Directive: org.apache.velocity.runtime.directive.Include
2018-03-20 15:06:03,342 - Loaded System Directive: org.apache.velocity.runtime.directive.Foreach
2018-03-20 15:06:03,389 - Created: 20 parsers.
2018-03-20 15:06:03,412 - Velocimacro : initialization starting.
2018-03-20 15:06:03,412 - Velocimacro : adding VMs from VM library template : VM_global_library.vm
2018-03-20 15:06:03,420 - ResourceManager : unable to find resource 'VM_global_library.vm' in any resource loader.
2018-03-20 15:06:03,420 - Velocimacro : error using  VM library template VM_global_library.vm : org.apache.velocity.exception.ResourceNotFoundException: Unable to find resource 'VM_global_library.vm'
2018-03-20 15:06:03,420 - Velocimacro :  VM library template macro registration complete.
2018-03-20 15:06:03,420 - Velocimacro : allowInline = true : VMs can be defined inline in templates
2018-03-20 15:06:03,421 - Velocimacro : allowInlineToOverride = false : VMs defined inline may NOT replace previous VM definitions
2018-03-20 15:06:03,421 - Velocimacro : allowInlineLocal = false : VMs defined inline will be  global in scope if allowed.
2018-03-20 15:06:03,421 - Velocimacro : messages on  : VM system will output logging messages
2018-03-20 15:06:03,421 - Velocimacro : autoload off  : VM system will not automatically reload global library macros
2018-03-20 15:06:03,421 - Velocimacro : initialization complete.
2018-03-20 15:06:03,421 - Velocity successfully started.
2018-03-20 15:22:54,863 - SimpleLog4JLogSystem initialized using logfile 'velocity.log'
2018-03-20 15:22:54,863 - ************************************************************** 
2018-03-20 15:22:54,863 - Starting Jakarta Velocity v1.4
2018-03-20 15:22:54,863 - RuntimeInstance initializing.
2018-03-20 15:22:54,863 - Default Properties File: org/apache/velocity/runtime/defaults/velocity.properties
2018-03-20 15:22:54,863 - Trying to use logger class org.apache.velocity.runtime.log.SimpleLog4JLogSystem
2018-03-20 15:22:54,863 - Using logger class org.apache.velocity.runtime.log.SimpleLog4JLogSystem
2018-03-20 15:22:54,872 - Default ResourceManager initializing. (class org.apache.velocity.runtime.resource.ResourceManagerImpl)
2018-03-20 15:22:54,879 - Resource Loader Instantiated: org.apache.velocity.runtime.resource.loader.ClasspathResourceLoader
2018-03-20 15:22:54,879 - ClasspathResourceLoader : initialization starting.
2018-03-20 15:22:54,879 - ClasspathResourceLoader : initialization complete.
2018-03-20 15:22:54,884 - ResourceCache : initialized. (class org.apache.velocity.runtime.resource.ResourceCacheImpl)
2018-03-20 15:22:54,884 - Default ResourceManager initialization complete.
2018-03-20 15:22:54,888 - Loaded System Directive: org.apache.velocity.runtime.directive.Literal
2018-03-20 15:22:54,893 - Loaded System Directive: org.apache.velocity.runtime.directive.Macro
2018-03-20 15:22:54,900 - Loaded System Directive: org.apache.velocity.runtime.directive.Parse
2018-03-20 15:22:54,905 - Loaded System Directive: org.apache.velocity.runtime.directive.Include
2018-03-20 15:22:54,908 - Loaded System Directive: org.apache.velocity.runtime.directive.Foreach
2018-03-20 15:22:54,953 - Created: 20 parsers.
2018-03-20 15:22:54,967 - Velocimacro : initialization starting.
2018-03-20 15:22:54,967 - Velocimacro : adding VMs from VM library template : VM_global_library.vm
2018-03-20 15:22:54,975 - ResourceManager : unable to find resource 'VM_global_library.vm' in any resource loader.
2018-03-20 15:22:54,975 - Velocimacro : error using  VM library template VM_global_library.vm : org.apache.velocity.exception.ResourceNotFoundException: Unable to find resource 'VM_global_library.vm'
2018-03-20 15:22:54,975 - Velocimacro :  VM library template macro registration complete.
2018-03-20 15:22:54,975 - Velocimacro : allowInline = true : VMs can be defined inline in templates
2018-03-20 15:22:54,975 - Velocimacro : allowInlineToOverride = false : VMs defined inline may NOT replace previous VM definitions
2018-03-20 15:22:54,975 - Velocimacro : allowInlineLocal = false : VMs defined inline will be  global in scope if allowed.
2018-03-20 15:22:54,975 - Velocimacro : messages on  : VM system will output logging messages
2018-03-20 15:22:54,975 - Velocimacro : autoload off  : VM system will not automatically reload global library macros
2018-03-20 15:22:54,975 - Velocimacro : initialization complete.
2018-03-20 15:22:54,975 - Velocity successfully started.
2018-03-20 15:42:55,739 - SimpleLog4JLogSystem initialized using logfile 'velocity.log'
2018-03-20 15:42:55,740 - ************************************************************** 
2018-03-20 15:42:55,740 - Starting Jakarta Velocity v1.4
2018-03-20 15:42:55,740 - RuntimeInstance initializing.
2018-03-20 15:42:55,740 - Default Properties File: org/apache/velocity/runtime/defaults/velocity.properties
2018-03-20 15:42:55,740 - Trying to use logger class org.apache.velocity.runtime.log.SimpleLog4JLogSystem
2018-03-20 15:42:55,740 - Using logger class org.apache.velocity.runtime.log.SimpleLog4JLogSystem
2018-03-20 15:42:55,749 - Default ResourceManager initializing. (class org.apache.velocity.runtime.resource.ResourceManagerImpl)
2018-03-20 15:42:55,756 - Resource Loader Instantiated: org.apache.velocity.runtime.resource.loader.ClasspathResourceLoader
2018-03-20 15:42:55,756 - ClasspathResourceLoader : initialization starting.
2018-03-20 15:42:55,756 - ClasspathResourceLoader : initialization complete.
2018-03-20 15:42:55,761 - ResourceCache : initialized. (class org.apache.velocity.runtime.resource.ResourceCacheImpl)
2018-03-20 15:42:55,761 - Default ResourceManager initialization complete.
2018-03-20 15:42:55,769 - Loaded System Directive: org.apache.velocity.runtime.directive.Literal
2018-03-20 15:42:55,774 - Loaded System Directive: org.apache.velocity.runtime.directive.Macro
2018-03-20 15:42:55,782 - Loaded System Directive: org.apache.velocity.runtime.directive.Parse
2018-03-20 15:42:55,787 - Loaded System Directive: org.apache.velocity.runtime.directive.Include
2018-03-20 15:42:55,789 - Loaded System Directive: org.apache.velocity.runtime.directive.Foreach
2018-03-20 15:42:55,837 - Created: 20 parsers.
2018-03-20 15:42:55,850 - Velocimacro : initialization starting.
2018-03-20 15:42:55,850 - Velocimacro : adding VMs from VM library template : VM_global_library.vm
2018-03-20 15:42:55,857 - ResourceManager : unable to find resource 'VM_global_library.vm' in any resource loader.
2018-03-20 15:42:55,858 - Velocimacro : error using  VM library template VM_global_library.vm : org.apache.velocity.exception.ResourceNotFoundException: Unable to find resource 'VM_global_library.vm'
2018-03-20 15:42:55,858 - Velocimacro :  VM library template macro registration complete.
2018-03-20 15:42:55,858 - Velocimacro : allowInline = true : VMs can be defined inline in templates
2018-03-20 15:42:55,858 - Velocimacro : allowInlineToOverride = false : VMs defined inline may NOT replace previous VM definitions
2018-03-20 15:42:55,858 - Velocimacro : allowInlineLocal = false : VMs defined inline will be  global in scope if allowed.
2018-03-20 15:42:55,858 - Velocimacro : messages on  : VM system will output logging messages
2018-03-20 15:42:55,858 - Velocimacro : autoload off  : VM system will not automatically reload global library macros
2018-03-20 15:42:55,858 - Velocimacro : initialization complete.
2018-03-20 15:42:55,858 - Velocity successfully started.
2018-03-20 15:53:23,431 - SimpleLog4JLogSystem initialized using logfile 'velocity.log'
2018-03-20 15:53:23,431 - ************************************************************** 
2018-03-20 15:53:23,431 - Starting Jakarta Velocity v1.4
2018-03-20 15:53:23,431 - RuntimeInstance initializing.
2018-03-20 15:53:23,431 - Default Properties File: org/apache/velocity/runtime/defaults/velocity.properties
2018-03-20 15:53:23,431 - Trying to use logger class org.apache.velocity.runtime.log.SimpleLog4JLogSystem
2018-03-20 15:53:23,431 - Using logger class org.apache.velocity.runtime.log.SimpleLog4JLogSystem
2018-03-20 15:53:23,438 - Default ResourceManager initializing. (class org.apache.velocity.runtime.resource.ResourceManagerImpl)
2018-03-20 15:53:23,445 - Resource Loader Instantiated: org.apache.velocity.runtime.resource.loader.ClasspathResourceLoader
2018-03-20 15:53:23,446 - ClasspathResourceLoader : initialization starting.
2018-03-20 15:53:23,446 - ClasspathResourceLoader : initialization complete.
2018-03-20 15:53:23,451 - ResourceCache : initialized. (class org.apache.velocity.runtime.resource.ResourceCacheImpl)
2018-03-20 15:53:23,451 - Default ResourceManager initialization complete.
2018-03-20 15:53:23,456 - Loaded System Directive: org.apache.velocity.runtime.directive.Literal
2018-03-20 15:53:23,461 - Loaded System Directive: org.apache.velocity.runtime.directive.Macro
2018-03-20 15:53:23,468 - Loaded System Directive: org.apache.velocity.runtime.directive.Parse
2018-03-20 15:53:23,473 - Loaded System Directive: org.apache.velocity.runtime.directive.Include
2018-03-20 15:53:23,476 - Loaded System Directive: org.apache.velocity.runtime.directive.Foreach
2018-03-20 15:53:23,522 - Created: 20 parsers.
2018-03-20 15:53:23,536 - Velocimacro : initialization starting.
2018-03-20 15:53:23,536 - Velocimacro : adding VMs from VM library template : VM_global_library.vm
2018-03-20 15:53:23,545 - ResourceManager : unable to find resource 'VM_global_library.vm' in any resource loader.
2018-03-20 15:53:23,545 - Velocimacro : error using  VM library template VM_global_library.vm : org.apache.velocity.exception.ResourceNotFoundException: Unable to find resource 'VM_global_library.vm'
2018-03-20 15:53:23,546 - Velocimacro :  VM library template macro registration complete.
2018-03-20 15:53:23,546 - Velocimacro : allowInline = true : VMs can be defined inline in templates
2018-03-20 15:53:23,546 - Velocimacro : allowInlineToOverride = false : VMs defined inline may NOT replace previous VM definitions
2018-03-20 15:53:23,546 - Velocimacro : allowInlineLocal = false : VMs defined inline will be  global in scope if allowed.
2018-03-20 15:53:23,546 - Velocimacro : messages on  : VM system will output logging messages
2018-03-20 15:53:23,546 - Velocimacro : autoload off  : VM system will not automatically reload global library macros
2018-03-20 15:53:23,546 - Velocimacro : initialization complete.
2018-03-20 15:53:23,546 - Velocity successfully started.
2018-03-22 10:57:00,099 - SimpleLog4JLogSystem initialized using logfile 'velocity.log'
2018-03-22 10:57:00,099 - ************************************************************** 
2018-03-22 10:57:00,099 - Starting Jakarta Velocity v1.4
2018-03-22 10:57:00,099 - RuntimeInstance initializing.
2018-03-22 10:57:00,099 - Default Properties File: org/apache/velocity/runtime/defaults/velocity.properties
2018-03-22 10:57:00,100 - Trying to use logger class org.apache.velocity.runtime.log.SimpleLog4JLogSystem
2018-03-22 10:57:00,100 - Using logger class org.apache.velocity.runtime.log.SimpleLog4JLogSystem
2018-03-22 10:57:00,108 - Default ResourceManager initializing. (class org.apache.velocity.runtime.resource.ResourceManagerImpl)
2018-03-22 10:57:00,117 - Resource Loader Instantiated: org.apache.velocity.runtime.resource.loader.ClasspathResourceLoader
2018-03-22 10:57:00,117 - ClasspathResourceLoader : initialization starting.
2018-03-22 10:57:00,117 - ClasspathResourceLoader : initialization complete.
2018-03-22 10:57:00,122 - ResourceCache : initialized. (class org.apache.velocity.runtime.resource.ResourceCacheImpl)
2018-03-22 10:57:00,122 - Default ResourceManager initialization complete.
2018-03-22 10:57:00,127 - Loaded System Directive: org.apache.velocity.runtime.directive.Literal
2018-03-22 10:57:00,131 - Loaded System Directive: org.apache.velocity.runtime.directive.Macro
2018-03-22 10:57:00,139 - Loaded System Directive: org.apache.velocity.runtime.directive.Parse
2018-03-22 10:57:00,143 - Loaded System Directive: org.apache.velocity.runtime.directive.Include
2018-03-22 10:57:00,146 - Loaded System Directive: org.apache.velocity.runtime.directive.Foreach
2018-03-22 10:57:00,196 - Created: 20 parsers.
2018-03-22 10:57:00,217 - Velocimacro : initialization starting.
2018-03-22 10:57:00,217 - Velocimacro : adding VMs from VM library template : VM_global_library.vm
2018-03-22 10:57:00,226 - ResourceManager : unable to find resource 'VM_global_library.vm' in any resource loader.
2018-03-22 10:57:00,227 - Velocimacro : error using  VM library template VM_global_library.vm : org.apache.velocity.exception.ResourceNotFoundException: Unable to find resource 'VM_global_library.vm'
2018-03-22 10:57:00,227 - Velocimacro :  VM library template macro registration complete.
2018-03-22 10:57:00,227 - Velocimacro : allowInline = true : VMs can be defined inline in templates
2018-03-22 10:57:00,227 - Velocimacro : allowInlineToOverride = false : VMs defined inline may NOT replace previous VM definitions
2018-03-22 10:57:00,227 - Velocimacro : allowInlineLocal = false : VMs defined inline will be  global in scope if allowed.
2018-03-22 10:57:00,227 - Velocimacro : messages on  : VM system will output logging messages
2018-03-22 10:57:00,227 - Velocimacro : autoload off  : VM system will not automatically reload global library macros
2018-03-22 10:57:00,227 - Velocimacro : initialization complete.
2018-03-22 10:57:00,227 - Velocity successfully started.
2018-03-22 11:05:50,694 - SimpleLog4JLogSystem initialized using logfile 'velocity.log'
2018-03-22 11:05:50,694 - ************************************************************** 
2018-03-22 11:05:50,695 - Starting Jakarta Velocity v1.4
2018-03-22 11:05:50,695 - RuntimeInstance initializing.
2018-03-22 11:05:50,695 - Default Properties File: org/apache/velocity/runtime/defaults/velocity.properties
2018-03-22 11:05:50,695 - Trying to use logger class org.apache.velocity.runtime.log.SimpleLog4JLogSystem
2018-03-22 11:05:50,695 - Using logger class org.apache.velocity.runtime.log.SimpleLog4JLogSystem
2018-03-22 11:05:50,701 - Default ResourceManager initializing. (class org.apache.velocity.runtime.resource.ResourceManagerImpl)
2018-03-22 11:05:50,707 - Resource Loader Instantiated: org.apache.velocity.runtime.resource.loader.ClasspathResourceLoader
2018-03-22 11:05:50,708 - ClasspathResourceLoader : initialization starting.
2018-03-22 11:05:50,708 - ClasspathResourceLoader : initialization complete.
2018-03-22 11:05:50,712 - ResourceCache : initialized. (class org.apache.velocity.runtime.resource.ResourceCacheImpl)
2018-03-22 11:05:50,712 - Default ResourceManager initialization complete.
2018-03-22 11:05:50,716 - Loaded System Directive: org.apache.velocity.runtime.directive.Literal
2018-03-22 11:05:50,721 - Loaded System Directive: org.apache.velocity.runtime.directive.Macro
2018-03-22 11:05:50,727 - Loaded System Directive: org.apache.velocity.runtime.directive.Parse
2018-03-22 11:05:50,732 - Loaded System Directive: org.apache.velocity.runtime.directive.Include
2018-03-22 11:05:50,734 - Loaded System Directive: org.apache.velocity.runtime.directive.Foreach
2018-03-22 11:05:50,776 - Created: 20 parsers.
2018-03-22 11:05:50,791 - Velocimacro : initialization starting.
2018-03-22 11:05:50,792 - Velocimacro : adding VMs from VM library template : VM_global_library.vm
2018-03-22 11:05:50,800 - ResourceManager : unable to find resource 'VM_global_library.vm' in any resource loader.
2018-03-22 11:05:50,800 - Velocimacro : error using  VM library template VM_global_library.vm : org.apache.velocity.exception.ResourceNotFoundException: Unable to find resource 'VM_global_library.vm'
2018-03-22 11:05:50,800 - Velocimacro :  VM library template macro registration complete.
2018-03-22 11:05:50,801 - Velocimacro : allowInline = true : VMs can be defined inline in templates
2018-03-22 11:05:50,801 - Velocimacro : allowInlineToOverride = false : VMs defined inline may NOT replace previous VM definitions
2018-03-22 11:05:50,801 - Velocimacro : allowInlineLocal = false : VMs defined inline will be  global in scope if allowed.
2018-03-22 11:05:50,801 - Velocimacro : messages on  : VM system will output logging messages
2018-03-22 11:05:50,801 - Velocimacro : autoload off  : VM system will not automatically reload global library macros
2018-03-22 11:05:50,801 - Velocimacro : initialization complete.
2018-03-22 11:05:50,801 - Velocity successfully started.
2018-03-22 11:06:30,599 - SimpleLog4JLogSystem initialized using logfile 'velocity.log'
2018-03-22 11:06:30,599 - ************************************************************** 
2018-03-22 11:06:30,599 - Starting Jakarta Velocity v1.4
2018-03-22 11:06:30,599 - RuntimeInstance initializing.
2018-03-22 11:06:30,599 - Default Properties File: org/apache/velocity/runtime/defaults/velocity.properties
2018-03-22 11:06:30,599 - Trying to use logger class org.apache.velocity.runtime.log.SimpleLog4JLogSystem
2018-03-22 11:06:30,599 - Using logger class org.apache.velocity.runtime.log.SimpleLog4JLogSystem
2018-03-22 11:06:30,606 - Default ResourceManager initializing. (class org.apache.velocity.runtime.resource.ResourceManagerImpl)
2018-03-22 11:06:30,614 - Resource Loader Instantiated: org.apache.velocity.runtime.resource.loader.ClasspathResourceLoader
2018-03-22 11:06:30,614 - ClasspathResourceLoader : initialization starting.
2018-03-22 11:06:30,614 - ClasspathResourceLoader : initialization complete.
2018-03-22 11:06:30,618 - ResourceCache : initialized. (class org.apache.velocity.runtime.resource.ResourceCacheImpl)
2018-03-22 11:06:30,618 - Default ResourceManager initialization complete.
2018-03-22 11:06:30,623 - Loaded System Directive: org.apache.velocity.runtime.directive.Literal
2018-03-22 11:06:30,628 - Loaded System Directive: org.apache.velocity.runtime.directive.Macro
2018-03-22 11:06:30,636 - Loaded System Directive: org.apache.velocity.runtime.directive.Parse
2018-03-22 11:06:30,643 - Loaded System Directive: org.apache.velocity.runtime.directive.Include
2018-03-22 11:06:30,646 - Loaded System Directive: org.apache.velocity.runtime.directive.Foreach
2018-03-22 11:06:30,683 - Created: 20 parsers.
2018-03-22 11:06:30,695 - Velocimacro : initialization starting.
2018-03-22 11:06:30,695 - Velocimacro : adding VMs from VM library template : VM_global_library.vm
2018-03-22 11:06:30,704 - ResourceManager : unable to find resource 'VM_global_library.vm' in any resource loader.
2018-03-22 11:06:30,704 - Velocimacro : error using  VM library template VM_global_library.vm : org.apache.velocity.exception.ResourceNotFoundException: Unable to find resource 'VM_global_library.vm'
2018-03-22 11:06:30,704 - Velocimacro :  VM library template macro registration complete.
2018-03-22 11:06:30,704 - Velocimacro : allowInline = true : VMs can be defined inline in templates
2018-03-22 11:06:30,704 - Velocimacro : allowInlineToOverride = false : VMs defined inline may NOT replace previous VM definitions
2018-03-22 11:06:30,704 - Velocimacro : allowInlineLocal = false : VMs defined inline will be  global in scope if allowed.
2018-03-22 11:06:30,704 - Velocimacro : messages on  : VM system will output logging messages
2018-03-22 11:06:30,704 - Velocimacro : autoload off  : VM system will not automatically reload global library macros
2018-03-22 11:06:30,704 - Velocimacro : initialization complete.
2018-03-22 11:06:30,704 - Velocity successfully started.
2018-03-22 11:13:24,461 - SimpleLog4JLogSystem initialized using logfile 'velocity.log'
2018-03-22 11:13:24,462 - ************************************************************** 
2018-03-22 11:13:24,462 - Starting Jakarta Velocity v1.4
2018-03-22 11:13:24,462 - RuntimeInstance initializing.
2018-03-22 11:13:24,462 - Default Properties File: org/apache/velocity/runtime/defaults/velocity.properties
2018-03-22 11:13:24,462 - Trying to use logger class org.apache.velocity.runtime.log.SimpleLog4JLogSystem
2018-03-22 11:13:24,462 - Using logger class org.apache.velocity.runtime.log.SimpleLog4JLogSystem
2018-03-22 11:13:24,469 - Default ResourceManager initializing. (class org.apache.velocity.runtime.resource.ResourceManagerImpl)
2018-03-22 11:13:24,476 - Resource Loader Instantiated: org.apache.velocity.runtime.resource.loader.ClasspathResourceLoader
2018-03-22 11:13:24,476 - ClasspathResourceLoader : initialization starting.
2018-03-22 11:13:24,476 - ClasspathResourceLoader : initialization complete.
2018-03-22 11:13:24,481 - ResourceCache : initialized. (class org.apache.velocity.runtime.resource.ResourceCacheImpl)
2018-03-22 11:13:24,481 - Default ResourceManager initialization complete.
2018-03-22 11:13:24,486 - Loaded System Directive: org.apache.velocity.runtime.directive.Literal
2018-03-22 11:13:24,491 - Loaded System Directive: org.apache.velocity.runtime.directive.Macro
2018-03-22 11:13:24,498 - Loaded System Directive: org.apache.velocity.runtime.directive.Parse
2018-03-22 11:13:24,503 - Loaded System Directive: org.apache.velocity.runtime.directive.Include
2018-03-22 11:13:24,505 - Loaded System Directive: org.apache.velocity.runtime.directive.Foreach
2018-03-22 11:13:24,549 - Created: 20 parsers.
2018-03-22 11:13:24,562 - Velocimacro : initialization starting.
2018-03-22 11:13:24,562 - Velocimacro : adding VMs from VM library template : VM_global_library.vm
2018-03-22 11:13:24,570 - ResourceManager : unable to find resource 'VM_global_library.vm' in any resource loader.
2018-03-22 11:13:24,570 - Velocimacro : error using  VM library template VM_global_library.vm : org.apache.velocity.exception.ResourceNotFoundException: Unable to find resource 'VM_global_library.vm'
2018-03-22 11:13:24,570 - Velocimacro :  VM library template macro registration complete.
2018-03-22 11:13:24,570 - Velocimacro : allowInline = true : VMs can be defined inline in templates
2018-03-22 11:13:24,570 - Velocimacro : allowInlineToOverride = false : VMs defined inline may NOT replace previous VM definitions
2018-03-22 11:13:24,570 - Velocimacro : allowInlineLocal = false : VMs defined inline will be  global in scope if allowed.
2018-03-22 11:13:24,570 - Velocimacro : messages on  : VM system will output logging messages
2018-03-22 11:13:24,570 - Velocimacro : autoload off  : VM system will not automatically reload global library macros
2018-03-22 11:13:24,570 - Velocimacro : initialization complete.
2018-03-22 11:13:24,571 - Velocity successfully started.
2018-03-22 11:30:45,757 - SimpleLog4JLogSystem initialized using logfile 'velocity.log'
2018-03-22 11:30:45,757 - ************************************************************** 
2018-03-22 11:30:45,757 - Starting Jakarta Velocity v1.4
2018-03-22 11:30:45,757 - RuntimeInstance initializing.
2018-03-22 11:30:45,758 - Default Properties File: org/apache/velocity/runtime/defaults/velocity.properties
2018-03-22 11:30:45,758 - Trying to use logger class org.apache.velocity.runtime.log.SimpleLog4JLogSystem
2018-03-22 11:30:45,758 - Using logger class org.apache.velocity.runtime.log.SimpleLog4JLogSystem
2018-03-22 11:30:45,765 - Default ResourceManager initializing. (class org.apache.velocity.runtime.resource.ResourceManagerImpl)
2018-03-22 11:30:45,771 - Resource Loader Instantiated: org.apache.velocity.runtime.resource.loader.ClasspathResourceLoader
2018-03-22 11:30:45,772 - ClasspathResourceLoader : initialization starting.
2018-03-22 11:30:45,772 - ClasspathResourceLoader : initialization complete.
2018-03-22 11:30:45,776 - ResourceCache : initialized. (class org.apache.velocity.runtime.resource.ResourceCacheImpl)
2018-03-22 11:30:45,776 - Default ResourceManager initialization complete.
2018-03-22 11:30:45,781 - Loaded System Directive: org.apache.velocity.runtime.directive.Literal
2018-03-22 11:30:45,786 - Loaded System Directive: org.apache.velocity.runtime.directive.Macro
2018-03-22 11:30:45,793 - Loaded System Directive: org.apache.velocity.runtime.directive.Parse
2018-03-22 11:30:45,797 - Loaded System Directive: org.apache.velocity.runtime.directive.Include
2018-03-22 11:30:45,800 - Loaded System Directive: org.apache.velocity.runtime.directive.Foreach
2018-03-22 11:30:45,845 - Created: 20 parsers.
2018-03-22 11:30:45,859 - Velocimacro : initialization starting.
2018-03-22 11:30:45,860 - Velocimacro : adding VMs from VM library template : VM_global_library.vm
2018-03-22 11:30:45,868 - ResourceManager : unable to find resource 'VM_global_library.vm' in any resource loader.
2018-03-22 11:30:45,868 - Velocimacro : error using  VM library template VM_global_library.vm : org.apache.velocity.exception.ResourceNotFoundException: Unable to find resource 'VM_global_library.vm'
2018-03-22 11:30:45,868 - Velocimacro :  VM library template macro registration complete.
2018-03-22 11:30:45,868 - Velocimacro : allowInline = true : VMs can be defined inline in templates
2018-03-22 11:30:45,868 - Velocimacro : allowInlineToOverride = false : VMs defined inline may NOT replace previous VM definitions
2018-03-22 11:30:45,868 - Velocimacro : allowInlineLocal = false : VMs defined inline will be  global in scope if allowed.
2018-03-22 11:30:45,868 - Velocimacro : messages on  : VM system will output logging messages
2018-03-22 11:30:45,868 - Velocimacro : autoload off  : VM system will not automatically reload global library macros
2018-03-22 11:30:45,868 - Velocimacro : initialization complete.
2018-03-22 11:30:45,868 - Velocity successfully started.
2018-03-22 11:40:14,402 - SimpleLog4JLogSystem initialized using logfile 'velocity.log'
2018-03-22 11:40:14,402 - ************************************************************** 
2018-03-22 11:40:14,402 - Starting Jakarta Velocity v1.4
2018-03-22 11:40:14,402 - RuntimeInstance initializing.
2018-03-22 11:40:14,403 - Default Properties File: org/apache/velocity/runtime/defaults/velocity.properties
2018-03-22 11:40:14,403 - Trying to use logger class org.apache.velocity.runtime.log.SimpleLog4JLogSystem
2018-03-22 11:40:14,403 - Using logger class org.apache.velocity.runtime.log.SimpleLog4JLogSystem
2018-03-22 11:40:14,409 - Default ResourceManager initializing. (class org.apache.velocity.runtime.resource.ResourceManagerImpl)
2018-03-22 11:40:14,416 - Resource Loader Instantiated: org.apache.velocity.runtime.resource.loader.ClasspathResourceLoader
2018-03-22 11:40:14,416 - ClasspathResourceLoader : initialization starting.
2018-03-22 11:40:14,416 - ClasspathResourceLoader : initialization complete.
2018-03-22 11:40:14,420 - ResourceCache : initialized. (class org.apache.velocity.runtime.resource.ResourceCacheImpl)
2018-03-22 11:40:14,420 - Default ResourceManager initialization complete.
2018-03-22 11:40:14,425 - Loaded System Directive: org.apache.velocity.runtime.directive.Literal
2018-03-22 11:40:14,430 - Loaded System Directive: org.apache.velocity.runtime.directive.Macro
2018-03-22 11:40:14,436 - Loaded System Directive: org.apache.velocity.runtime.directive.Parse
2018-03-22 11:40:14,441 - Loaded System Directive: org.apache.velocity.runtime.directive.Include
2018-03-22 11:40:14,443 - Loaded System Directive: org.apache.velocity.runtime.directive.Foreach
2018-03-22 11:40:14,487 - Created: 20 parsers.
2018-03-22 11:40:14,501 - Velocimacro : initialization starting.
2018-03-22 11:40:14,501 - Velocimacro : adding VMs from VM library template : VM_global_library.vm
2018-03-22 11:40:14,509 - ResourceManager : unable to find resource 'VM_global_library.vm' in any resource loader.
2018-03-22 11:40:14,509 - Velocimacro : error using  VM library template VM_global_library.vm : org.apache.velocity.exception.ResourceNotFoundException: Unable to find resource 'VM_global_library.vm'
2018-03-22 11:40:14,509 - Velocimacro :  VM library template macro registration complete.
2018-03-22 11:40:14,509 - Velocimacro : allowInline = true : VMs can be defined inline in templates
2018-03-22 11:40:14,509 - Velocimacro : allowInlineToOverride = false : VMs defined inline may NOT replace previous VM definitions
2018-03-22 11:40:14,509 - Velocimacro : allowInlineLocal = false : VMs defined inline will be  global in scope if allowed.
2018-03-22 11:40:14,509 - Velocimacro : messages on  : VM system will output logging messages
2018-03-22 11:40:14,509 - Velocimacro : autoload off  : VM system will not automatically reload global library macros
2018-03-22 11:40:14,509 - Velocimacro : initialization complete.
2018-03-22 11:40:14,509 - Velocity successfully started.
2018-03-22 13:10:31,834 - SimpleLog4JLogSystem initialized using logfile 'velocity.log'
2018-03-22 13:10:31,837 - ************************************************************** 
2018-03-22 13:10:31,837 - Starting Jakarta Velocity v1.4
2018-03-22 13:10:31,837 - RuntimeInstance initializing.
2018-03-22 13:10:31,837 - Default Properties File: org/apache/velocity/runtime/defaults/velocity.properties
2018-03-22 13:10:31,837 - Trying to use logger class org.apache.velocity.runtime.log.SimpleLog4JLogSystem
2018-03-22 13:10:31,837 - Using logger class org.apache.velocity.runtime.log.SimpleLog4JLogSystem
2018-03-22 13:10:31,845 - Default ResourceManager initializing. (class org.apache.velocity.runtime.resource.ResourceManagerImpl)
2018-03-22 13:10:31,853 - Resource Loader Instantiated: org.apache.velocity.runtime.resource.loader.ClasspathResourceLoader
2018-03-22 13:10:31,853 - ClasspathResourceLoader : initialization starting.
2018-03-22 13:10:31,853 - ClasspathResourceLoader : initialization complete.
2018-03-22 13:10:31,859 - ResourceCache : initialized. (class org.apache.velocity.runtime.resource.ResourceCacheImpl)
2018-03-22 13:10:31,863 - Default ResourceManager initialization complete.
2018-03-22 13:10:31,868 - Loaded System Directive: org.apache.velocity.runtime.directive.Literal
2018-03-22 13:10:31,873 - Loaded System Directive: org.apache.velocity.runtime.directive.Macro
2018-03-22 13:10:31,883 - Loaded System Directive: org.apache.velocity.runtime.directive.Parse
2018-03-22 13:10:31,889 - Loaded System Directive: org.apache.velocity.runtime.directive.Include
2018-03-22 13:10:31,892 - Loaded System Directive: org.apache.velocity.runtime.directive.Foreach
2018-03-22 13:10:31,951 - Created: 20 parsers.
2018-03-22 13:10:31,963 - Velocimacro : initialization starting.
2018-03-22 13:10:31,963 - Velocimacro : adding VMs from VM library template : VM_global_library.vm
2018-03-22 13:10:31,972 - ResourceManager : unable to find resource 'VM_global_library.vm' in any resource loader.
2018-03-22 13:10:31,972 - Velocimacro : error using  VM library template VM_global_library.vm : org.apache.velocity.exception.ResourceNotFoundException: Unable to find resource 'VM_global_library.vm'
2018-03-22 13:10:31,972 - Velocimacro :  VM library template macro registration complete.
2018-03-22 13:10:31,972 - Velocimacro : allowInline = true : VMs can be defined inline in templates
2018-03-22 13:10:31,972 - Velocimacro : allowInlineToOverride = false : VMs defined inline may NOT replace previous VM definitions
2018-03-22 13:10:31,972 - Velocimacro : allowInlineLocal = false : VMs defined inline will be  global in scope if allowed.
2018-03-22 13:10:31,972 - Velocimacro : messages on  : VM system will output logging messages
2018-03-22 13:10:31,972 - Velocimacro : autoload off  : VM system will not automatically reload global library macros
2018-03-22 13:10:31,972 - Velocimacro : initialization complete.
2018-03-22 13:10:31,972 - Velocity successfully started.
2018-03-22 13:15:33,898 - SimpleLog4JLogSystem initialized using logfile 'velocity.log'
2018-03-22 13:15:33,898 - ************************************************************** 
2018-03-22 13:15:33,898 - Starting Jakarta Velocity v1.4
2018-03-22 13:15:33,898 - RuntimeInstance initializing.
2018-03-22 13:15:33,898 - Default Properties File: org/apache/velocity/runtime/defaults/velocity.properties
2018-03-22 13:15:33,898 - Trying to use logger class org.apache.velocity.runtime.log.SimpleLog4JLogSystem
2018-03-22 13:15:33,898 - Using logger class org.apache.velocity.runtime.log.SimpleLog4JLogSystem
2018-03-22 13:15:33,905 - Default ResourceManager initializing. (class org.apache.velocity.runtime.resource.ResourceManagerImpl)
2018-03-22 13:15:33,912 - Resource Loader Instantiated: org.apache.velocity.runtime.resource.loader.ClasspathResourceLoader
2018-03-22 13:15:33,912 - ClasspathResourceLoader : initialization starting.
2018-03-22 13:15:33,912 - ClasspathResourceLoader : initialization complete.
2018-03-22 13:15:33,917 - ResourceCache : initialized. (class org.apache.velocity.runtime.resource.ResourceCacheImpl)
2018-03-22 13:15:33,917 - Default ResourceManager initialization complete.
2018-03-22 13:15:33,923 - Loaded System Directive: org.apache.velocity.runtime.directive.Literal
2018-03-22 13:15:33,928 - Loaded System Directive: org.apache.velocity.runtime.directive.Macro
2018-03-22 13:15:33,935 - Loaded System Directive: org.apache.velocity.runtime.directive.Parse
2018-03-22 13:15:33,939 - Loaded System Directive: org.apache.velocity.runtime.directive.Include
2018-03-22 13:15:33,941 - Loaded System Directive: org.apache.velocity.runtime.directive.Foreach
2018-03-22 13:15:33,986 - Created: 20 parsers.
2018-03-22 13:15:33,998 - Velocimacro : initialization starting.
2018-03-22 13:15:33,998 - Velocimacro : adding VMs from VM library template : VM_global_library.vm
2018-03-22 13:15:34,007 - ResourceManager : unable to find resource 'VM_global_library.vm' in any resource loader.
2018-03-22 13:15:34,007 - Velocimacro : error using  VM library template VM_global_library.vm : org.apache.velocity.exception.ResourceNotFoundException: Unable to find resource 'VM_global_library.vm'
2018-03-22 13:15:34,007 - Velocimacro :  VM library template macro registration complete.
2018-03-22 13:15:34,007 - Velocimacro : allowInline = true : VMs can be defined inline in templates
2018-03-22 13:15:34,007 - Velocimacro : allowInlineToOverride = false : VMs defined inline may NOT replace previous VM definitions
2018-03-22 13:15:34,007 - Velocimacro : allowInlineLocal = false : VMs defined inline will be  global in scope if allowed.
2018-03-22 13:15:34,007 - Velocimacro : messages on  : VM system will output logging messages
2018-03-22 13:15:34,007 - Velocimacro : autoload off  : VM system will not automatically reload global library macros
2018-03-22 13:15:34,007 - Velocimacro : initialization complete.
2018-03-22 13:15:34,007 - Velocity successfully started.
2018-03-22 13:17:57,609 - SimpleLog4JLogSystem initialized using logfile 'velocity.log'
2018-03-22 13:17:57,609 - ************************************************************** 
2018-03-22 13:17:57,609 - Starting Jakarta Velocity v1.4
2018-03-22 13:17:57,609 - RuntimeInstance initializing.
2018-03-22 13:17:57,609 - Default Properties File: org/apache/velocity/runtime/defaults/velocity.properties
2018-03-22 13:17:57,609 - Trying to use logger class org.apache.velocity.runtime.log.SimpleLog4JLogSystem
2018-03-22 13:17:57,609 - Using logger class org.apache.velocity.runtime.log.SimpleLog4JLogSystem
2018-03-22 13:17:57,617 - Default ResourceManager initializing. (class org.apache.velocity.runtime.resource.ResourceManagerImpl)
2018-03-22 13:17:57,625 - Resource Loader Instantiated: org.apache.velocity.runtime.resource.loader.ClasspathResourceLoader
2018-03-22 13:17:57,625 - ClasspathResourceLoader : initialization starting.
2018-03-22 13:17:57,625 - ClasspathResourceLoader : initialization complete.
2018-03-22 13:17:57,629 - ResourceCache : initialized. (class org.apache.velocity.runtime.resource.ResourceCacheImpl)
2018-03-22 13:17:57,630 - Default ResourceManager initialization complete.
2018-03-22 13:17:57,634 - Loaded System Directive: org.apache.velocity.runtime.directive.Literal
2018-03-22 13:17:57,639 - Loaded System Directive: org.apache.velocity.runtime.directive.Macro
2018-03-22 13:17:57,646 - Loaded System Directive: org.apache.velocity.runtime.directive.Parse
2018-03-22 13:17:57,650 - Loaded System Directive: org.apache.velocity.runtime.directive.Include
2018-03-22 13:17:57,653 - Loaded System Directive: org.apache.velocity.runtime.directive.Foreach
2018-03-22 13:17:57,699 - Created: 20 parsers.
2018-03-22 13:17:57,712 - Velocimacro : initialization starting.
2018-03-22 13:17:57,712 - Velocimacro : adding VMs from VM library template : VM_global_library.vm
2018-03-22 13:17:57,720 - ResourceManager : unable to find resource 'VM_global_library.vm' in any resource loader.
2018-03-22 13:17:57,720 - Velocimacro : error using  VM library template VM_global_library.vm : org.apache.velocity.exception.ResourceNotFoundException: Unable to find resource 'VM_global_library.vm'
2018-03-22 13:17:57,720 - Velocimacro :  VM library template macro registration complete.
2018-03-22 13:17:57,720 - Velocimacro : allowInline = true : VMs can be defined inline in templates
2018-03-22 13:17:57,720 - Velocimacro : allowInlineToOverride = false : VMs defined inline may NOT replace previous VM definitions
2018-03-22 13:17:57,720 - Velocimacro : allowInlineLocal = false : VMs defined inline will be  global in scope if allowed.
2018-03-22 13:17:57,720 - Velocimacro : messages on  : VM system will output logging messages
2018-03-22 13:17:57,720 - Velocimacro : autoload off  : VM system will not automatically reload global library macros
2018-03-22 13:17:57,720 - Velocimacro : initialization complete.
2018-03-22 13:17:57,720 - Velocity successfully started.
2018-03-22 13:18:39,280 - SimpleLog4JLogSystem initialized using logfile 'velocity.log'
2018-03-22 13:18:39,280 - ************************************************************** 
2018-03-22 13:18:39,280 - Starting Jakarta Velocity v1.4
2018-03-22 13:18:39,281 - RuntimeInstance initializing.
2018-03-22 13:18:39,281 - Default Properties File: org/apache/velocity/runtime/defaults/velocity.properties
2018-03-22 13:18:39,281 - Trying to use logger class org.apache.velocity.runtime.log.SimpleLog4JLogSystem
2018-03-22 13:18:39,281 - Using logger class org.apache.velocity.runtime.log.SimpleLog4JLogSystem
2018-03-22 13:18:39,288 - Default ResourceManager initializing. (class org.apache.velocity.runtime.resource.ResourceManagerImpl)
2018-03-22 13:18:39,294 - Resource Loader Instantiated: org.apache.velocity.runtime.resource.loader.ClasspathResourceLoader
2018-03-22 13:18:39,294 - ClasspathResourceLoader : initialization starting.
2018-03-22 13:18:39,294 - ClasspathResourceLoader : initialization complete.
2018-03-22 13:18:39,299 - ResourceCache : initialized. (class org.apache.velocity.runtime.resource.ResourceCacheImpl)
2018-03-22 13:18:39,299 - Default ResourceManager initialization complete.
2018-03-22 13:18:39,304 - Loaded System Directive: org.apache.velocity.runtime.directive.Literal
2018-03-22 13:18:39,310 - Loaded System Directive: org.apache.velocity.runtime.directive.Macro
2018-03-22 13:18:39,317 - Loaded System Directive: org.apache.velocity.runtime.directive.Parse
2018-03-22 13:18:39,322 - Loaded System Directive: org.apache.velocity.runtime.directive.Include
2018-03-22 13:18:39,324 - Loaded System Directive: org.apache.velocity.runtime.directive.Foreach
2018-03-22 13:18:39,368 - Created: 20 parsers.
2018-03-22 13:18:39,383 - Velocimacro : initialization starting.
2018-03-22 13:18:39,383 - Velocimacro : adding VMs from VM library template : VM_global_library.vm
2018-03-22 13:18:39,390 - ResourceManager : unable to find resource 'VM_global_library.vm' in any resource loader.
2018-03-22 13:18:39,391 - Velocimacro : error using  VM library template VM_global_library.vm : org.apache.velocity.exception.ResourceNotFoundException: Unable to find resource 'VM_global_library.vm'
2018-03-22 13:18:39,391 - Velocimacro :  VM library template macro registration complete.
2018-03-22 13:18:39,391 - Velocimacro : allowInline = true : VMs can be defined inline in templates
2018-03-22 13:18:39,391 - Velocimacro : allowInlineToOverride = false : VMs defined inline may NOT replace previous VM definitions
2018-03-22 13:18:39,391 - Velocimacro : allowInlineLocal = false : VMs defined inline will be  global in scope if allowed.
2018-03-22 13:18:39,391 - Velocimacro : messages on  : VM system will output logging messages
2018-03-22 13:18:39,391 - Velocimacro : autoload off  : VM system will not automatically reload global library macros
2018-03-22 13:18:39,391 - Velocimacro : initialization complete.
2018-03-22 13:18:39,391 - Velocity successfully started.
2018-03-22 13:29:16,683 - SimpleLog4JLogSystem initialized using logfile 'velocity.log'
2018-03-22 13:29:16,684 - ************************************************************** 
2018-03-22 13:29:16,684 - Starting Jakarta Velocity v1.4
2018-03-22 13:29:16,684 - RuntimeInstance initializing.
2018-03-22 13:29:16,684 - Default Properties File: org/apache/velocity/runtime/defaults/velocity.properties
2018-03-22 13:29:16,684 - Trying to use logger class org.apache.velocity.runtime.log.SimpleLog4JLogSystem
2018-03-22 13:29:16,684 - Using logger class org.apache.velocity.runtime.log.SimpleLog4JLogSystem
2018-03-22 13:29:16,690 - Default ResourceManager initializing. (class org.apache.velocity.runtime.resource.ResourceManagerImpl)
2018-03-22 13:29:16,696 - Resource Loader Instantiated: org.apache.velocity.runtime.resource.loader.ClasspathResourceLoader
2018-03-22 13:29:16,697 - ClasspathResourceLoader : initialization starting.
2018-03-22 13:29:16,697 - ClasspathResourceLoader : initialization complete.
2018-03-22 13:29:16,701 - ResourceCache : initialized. (class org.apache.velocity.runtime.resource.ResourceCacheImpl)
2018-03-22 13:29:16,701 - Default ResourceManager initialization complete.
2018-03-22 13:29:16,706 - Loaded System Directive: org.apache.velocity.runtime.directive.Literal
2018-03-22 13:29:16,711 - Loaded System Directive: org.apache.velocity.runtime.directive.Macro
2018-03-22 13:29:16,718 - Loaded System Directive: org.apache.velocity.runtime.directive.Parse
2018-03-22 13:29:16,723 - Loaded System Directive: org.apache.velocity.runtime.directive.Include
2018-03-22 13:29:16,725 - Loaded System Directive: org.apache.velocity.runtime.directive.Foreach
2018-03-22 13:29:16,770 - Created: 20 parsers.
2018-03-22 13:29:16,782 - Velocimacro : initialization starting.
2018-03-22 13:29:16,782 - Velocimacro : adding VMs from VM library template : VM_global_library.vm
2018-03-22 13:29:16,790 - ResourceManager : unable to find resource 'VM_global_library.vm' in any resource loader.
2018-03-22 13:29:16,790 - Velocimacro : error using  VM library template VM_global_library.vm : org.apache.velocity.exception.ResourceNotFoundException: Unable to find resource 'VM_global_library.vm'
2018-03-22 13:29:16,790 - Velocimacro :  VM library template macro registration complete.
2018-03-22 13:29:16,790 - Velocimacro : allowInline = true : VMs can be defined inline in templates
2018-03-22 13:29:16,790 - Velocimacro : allowInlineToOverride = false : VMs defined inline may NOT replace previous VM definitions
2018-03-22 13:29:16,790 - Velocimacro : allowInlineLocal = false : VMs defined inline will be  global in scope if allowed.
2018-03-22 13:29:16,790 - Velocimacro : messages on  : VM system will output logging messages
2018-03-22 13:29:16,790 - Velocimacro : autoload off  : VM system will not automatically reload global library macros
2018-03-22 13:29:16,790 - Velocimacro : initialization complete.
2018-03-22 13:29:16,790 - Velocity successfully started.
2018-03-22 13:35:23,109 - SimpleLog4JLogSystem initialized using logfile 'velocity.log'
2018-03-22 13:35:23,109 - ************************************************************** 
2018-03-22 13:35:23,109 - Starting Jakarta Velocity v1.4
2018-03-22 13:35:23,110 - RuntimeInstance initializing.
2018-03-22 13:35:23,110 - Default Properties File: org/apache/velocity/runtime/defaults/velocity.properties
2018-03-22 13:35:23,110 - Trying to use logger class org.apache.velocity.runtime.log.SimpleLog4JLogSystem
2018-03-22 13:35:23,110 - Using logger class org.apache.velocity.runtime.log.SimpleLog4JLogSystem
2018-03-22 13:35:23,116 - Default ResourceManager initializing. (class org.apache.velocity.runtime.resource.ResourceManagerImpl)
2018-03-22 13:35:23,123 - Resource Loader Instantiated: org.apache.velocity.runtime.resource.loader.ClasspathResourceLoader
2018-03-22 13:35:23,123 - ClasspathResourceLoader : initialization starting.
2018-03-22 13:35:23,123 - ClasspathResourceLoader : initialization complete.
2018-03-22 13:35:23,127 - ResourceCache : initialized. (class org.apache.velocity.runtime.resource.ResourceCacheImpl)
2018-03-22 13:35:23,127 - Default ResourceManager initialization complete.
2018-03-22 13:35:23,131 - Loaded System Directive: org.apache.velocity.runtime.directive.Literal
2018-03-22 13:35:23,136 - Loaded System Directive: org.apache.velocity.runtime.directive.Macro
2018-03-22 13:35:23,142 - Loaded System Directive: org.apache.velocity.runtime.directive.Parse
2018-03-22 13:35:23,147 - Loaded System Directive: org.apache.velocity.runtime.directive.Include
2018-03-22 13:35:23,149 - Loaded System Directive: org.apache.velocity.runtime.directive.Foreach
2018-03-22 13:35:23,198 - Created: 20 parsers.
2018-03-22 13:35:23,212 - Velocimacro : initialization starting.
2018-03-22 13:35:23,212 - Velocimacro : adding VMs from VM library template : VM_global_library.vm
2018-03-22 13:35:23,220 - ResourceManager : unable to find resource 'VM_global_library.vm' in any resource loader.
2018-03-22 13:35:23,220 - Velocimacro : error using  VM library template VM_global_library.vm : org.apache.velocity.exception.ResourceNotFoundException: Unable to find resource 'VM_global_library.vm'
2018-03-22 13:35:23,220 - Velocimacro :  VM library template macro registration complete.
2018-03-22 13:35:23,220 - Velocimacro : allowInline = true : VMs can be defined inline in templates
2018-03-22 13:35:23,220 - Velocimacro : allowInlineToOverride = false : VMs defined inline may NOT replace previous VM definitions
2018-03-22 13:35:23,220 - Velocimacro : allowInlineLocal = false : VMs defined inline will be  global in scope if allowed.
2018-03-22 13:35:23,220 - Velocimacro : messages on  : VM system will output logging messages
2018-03-22 13:35:23,220 - Velocimacro : autoload off  : VM system will not automatically reload global library macros
2018-03-22 13:35:23,220 - Velocimacro : initialization complete.
2018-03-22 13:35:23,221 - Velocity successfully started.
2018-03-27 11:38:24,738 - SimpleLog4JLogSystem initialized using logfile 'velocity.log'
2018-03-27 11:38:24,739 - ************************************************************** 
2018-03-27 11:38:24,739 - Starting Jakarta Velocity v1.4
2018-03-27 11:38:24,739 - RuntimeInstance initializing.
2018-03-27 11:38:24,739 - Default Properties File: org/apache/velocity/runtime/defaults/velocity.properties
2018-03-27 11:38:24,739 - Trying to use logger class org.apache.velocity.runtime.log.SimpleLog4JLogSystem
2018-03-27 11:38:24,739 - Using logger class org.apache.velocity.runtime.log.SimpleLog4JLogSystem
2018-03-27 11:38:24,749 - Default ResourceManager initializing. (class org.apache.velocity.runtime.resource.ResourceManagerImpl)
2018-03-27 11:38:24,758 - Resource Loader Instantiated: org.apache.velocity.runtime.resource.loader.ClasspathResourceLoader
2018-03-27 11:38:24,758 - ClasspathResourceLoader : initialization starting.
2018-03-27 11:38:24,758 - ClasspathResourceLoader : initialization complete.
2018-03-27 11:38:24,763 - ResourceCache : initialized. (class org.apache.velocity.runtime.resource.ResourceCacheImpl)
2018-03-27 11:38:24,763 - Default ResourceManager initialization complete.
2018-03-27 11:38:24,768 - Loaded System Directive: org.apache.velocity.runtime.directive.Literal
2018-03-27 11:38:24,780 - Loaded System Directive: org.apache.velocity.runtime.directive.Macro
2018-03-27 11:38:24,792 - Loaded System Directive: org.apache.velocity.runtime.directive.Parse
2018-03-27 11:38:24,805 - Loaded System Directive: org.apache.velocity.runtime.directive.Include
2018-03-27 11:38:24,809 - Loaded System Directive: org.apache.velocity.runtime.directive.Foreach
2018-03-27 11:38:24,866 - Created: 20 parsers.
2018-03-27 11:38:24,883 - Velocimacro : initialization starting.
2018-03-27 11:38:24,884 - Velocimacro : adding VMs from VM library template : VM_global_library.vm
2018-03-27 11:38:24,893 - ResourceManager : unable to find resource 'VM_global_library.vm' in any resource loader.
2018-03-27 11:38:24,894 - Velocimacro : error using  VM library template VM_global_library.vm : org.apache.velocity.exception.ResourceNotFoundException: Unable to find resource 'VM_global_library.vm'
2018-03-27 11:38:24,894 - Velocimacro :  VM library template macro registration complete.
2018-03-27 11:38:24,894 - Velocimacro : allowInline = true : VMs can be defined inline in templates
2018-03-27 11:38:24,894 - Velocimacro : allowInlineToOverride = false : VMs defined inline may NOT replace previous VM definitions
2018-03-27 11:38:24,894 - Velocimacro : allowInlineLocal = false : VMs defined inline will be  global in scope if allowed.
2018-03-27 11:38:24,894 - Velocimacro : messages on  : VM system will output logging messages
2018-03-27 11:38:24,894 - Velocimacro : autoload off  : VM system will not automatically reload global library macros
2018-03-27 11:38:24,894 - Velocimacro : initialization complete.
2018-03-27 11:38:24,894 - Velocity successfully started.
2018-10-07 19:38:12,546 - SimpleLog4JLogSystem initialized using logfile 'velocity.log'
2018-10-07 19:38:12,547 - ************************************************************** 
2018-10-07 19:38:12,547 - Starting Jakarta Velocity v1.4
2018-10-07 19:38:12,547 - RuntimeInstance initializing.
2018-10-07 19:38:12,547 - Default Properties File: org/apache/velocity/runtime/defaults/velocity.properties
2018-10-07 19:38:12,547 - Trying to use logger class org.apache.velocity.runtime.log.SimpleLog4JLogSystem
2018-10-07 19:38:12,547 - Using logger class org.apache.velocity.runtime.log.SimpleLog4JLogSystem
2018-10-07 19:38:12,566 - Default ResourceManager initializing. (class org.apache.velocity.runtime.resource.ResourceManagerImpl)
2018-10-07 19:38:12,583 - Resource Loader Instantiated: org.apache.velocity.runtime.resource.loader.ClasspathResourceLoader
2018-10-07 19:38:12,583 - ClasspathResourceLoader : initialization starting.
2018-10-07 19:38:12,583 - ClasspathResourceLoader : initialization complete.
2018-10-07 19:38:12,593 - ResourceCache : initialized. (class org.apache.velocity.runtime.resource.ResourceCacheImpl)
2018-10-07 19:38:12,593 - Default ResourceManager initialization complete.
2018-10-07 19:38:12,602 - Loaded System Directive: org.apache.velocity.runtime.directive.Literal
2018-10-07 19:38:12,614 - Loaded System Directive: org.apache.velocity.runtime.directive.Macro
2018-10-07 19:38:12,632 - Loaded System Directive: org.apache.velocity.runtime.directive.Parse
2018-10-07 19:38:12,643 - Loaded System Directive: org.apache.velocity.runtime.directive.Include
2018-10-07 19:38:12,646 - Loaded System Directive: org.apache.velocity.runtime.directive.Foreach
2018-10-07 19:38:12,738 - Created: 20 parsers.
2018-10-07 19:38:12,754 - Velocimacro : initialization starting.
2018-10-07 19:38:12,754 - Velocimacro : adding VMs from VM library template : VM_global_library.vm
2018-10-07 19:38:12,763 - ResourceManager : unable to find resource 'VM_global_library.vm' in any resource loader.
2018-10-07 19:38:12,763 - Velocimacro : error using  VM library template VM_global_library.vm : org.apache.velocity.exception.ResourceNotFoundException: Unable to find resource 'VM_global_library.vm'
2018-10-07 19:38:12,763 - Velocimacro :  VM library template macro registration complete.
2018-10-07 19:38:12,763 - Velocimacro : allowInline = true : VMs can be defined inline in templates
2018-10-07 19:38:12,763 - Velocimacro : allowInlineToOverride = false : VMs defined inline may NOT replace previous VM definitions
2018-10-07 19:38:12,763 - Velocimacro : allowInlineLocal = false : VMs defined inline will be  global in scope if allowed.
2018-10-07 19:38:12,763 - Velocimacro : messages on  : VM system will output logging messages
2018-10-07 19:38:12,763 - Velocimacro : autoload off  : VM system will not automatically reload global library macros
2018-10-07 19:38:12,763 - Velocimacro : initialization complete.
2018-10-07 19:38:12,763 - Velocity successfully started.
2018-10-07 19:52:21,975 - SimpleLog4JLogSystem initialized using logfile 'velocity.log'
2018-10-07 19:52:21,976 - ************************************************************** 
2018-10-07 19:52:21,976 - Starting Jakarta Velocity v1.4
2018-10-07 19:52:21,976 - RuntimeInstance initializing.
2018-10-07 19:52:21,976 - Default Properties File: org/apache/velocity/runtime/defaults/velocity.properties
2018-10-07 19:52:21,976 - Trying to use logger class org.apache.velocity.runtime.log.SimpleLog4JLogSystem
2018-10-07 19:52:21,976 - Using logger class org.apache.velocity.runtime.log.SimpleLog4JLogSystem
2018-10-07 19:52:21,995 - Default ResourceManager initializing. (class org.apache.velocity.runtime.resource.ResourceManagerImpl)
2018-10-07 19:52:22,013 - Resource Loader Instantiated: org.apache.velocity.runtime.resource.loader.ClasspathResourceLoader
2018-10-07 19:52:22,013 - ClasspathResourceLoader : initialization starting.
2018-10-07 19:52:22,013 - ClasspathResourceLoader : initialization complete.
2018-10-07 19:52:22,024 - ResourceCache : initialized. (class org.apache.velocity.runtime.resource.ResourceCacheImpl)
2018-10-07 19:52:22,024 - Default ResourceManager initialization complete.
2018-10-07 19:52:22,035 - Loaded System Directive: org.apache.velocity.runtime.directive.Literal
2018-10-07 19:52:22,047 - Loaded System Directive: org.apache.velocity.runtime.directive.Macro
2018-10-07 19:52:22,067 - Loaded System Directive: org.apache.velocity.runtime.directive.Parse
2018-10-07 19:52:22,079 - Loaded System Directive: org.apache.velocity.runtime.directive.Include
2018-10-07 19:52:22,084 - Loaded System Directive: org.apache.velocity.runtime.directive.Foreach
2018-10-07 19:52:22,198 - Created: 20 parsers.
2018-10-07 19:52:22,250 - Velocimacro : initialization starting.
2018-10-07 19:52:22,250 - Velocimacro : adding VMs from VM library template : VM_global_library.vm
2018-10-07 19:52:22,268 - ResourceManager : unable to find resource 'VM_global_library.vm' in any resource loader.
2018-10-07 19:52:22,268 - Velocimacro : error using  VM library template VM_global_library.vm : org.apache.velocity.exception.ResourceNotFoundException: Unable to find resource 'VM_global_library.vm'
2018-10-07 19:52:22,268 - Velocimacro :  VM library template macro registration complete.
2018-10-07 19:52:22,268 - Velocimacro : allowInline = true : VMs can be defined inline in templates
2018-10-07 19:52:22,268 - Velocimacro : allowInlineToOverride = false : VMs defined inline may NOT replace previous VM definitions
2018-10-07 19:52:22,268 - Velocimacro : allowInlineLocal = false : VMs defined inline will be  global in scope if allowed.
2018-10-07 19:52:22,268 - Velocimacro : messages on  : VM system will output logging messages
2018-10-07 19:52:22,268 - Velocimacro : autoload off  : VM system will not automatically reload global library macros
2018-10-07 19:52:22,269 - Velocimacro : initialization complete.
2018-10-07 19:52:22,269 - Velocity successfully started.
2018-12-12 15:48:30,375 - SimpleLog4JLogSystem initialized using logfile 'velocity.log'
2018-12-12 15:48:30,376 - ************************************************************** 
2018-12-12 15:48:30,376 - Starting Jakarta Velocity v1.4
2018-12-12 15:48:30,376 - RuntimeInstance initializing.
2018-12-12 15:48:30,376 - Default Properties File: org/apache/velocity/runtime/defaults/velocity.properties
2018-12-12 15:48:30,376 - Trying to use logger class org.apache.velocity.runtime.log.SimpleLog4JLogSystem
2018-12-12 15:48:30,376 - Using logger class org.apache.velocity.runtime.log.SimpleLog4JLogSystem
2018-12-12 15:48:30,391 - Default ResourceManager initializing. (class org.apache.velocity.runtime.resource.ResourceManagerImpl)
2018-12-12 15:48:30,406 - Resource Loader Instantiated: org.apache.velocity.runtime.resource.loader.ClasspathResourceLoader
2018-12-12 15:48:30,406 - ClasspathResourceLoader : initialization starting.
2018-12-12 15:48:30,406 - ClasspathResourceLoader : initialization complete.
2018-12-12 15:48:30,416 - ResourceCache : initialized. (class org.apache.velocity.runtime.resource.ResourceCacheImpl)
2018-12-12 15:48:30,417 - Default ResourceManager initialization complete.
2018-12-12 15:48:30,425 - Loaded System Directive: org.apache.velocity.runtime.directive.Literal
2018-12-12 15:48:30,438 - Loaded System Directive: org.apache.velocity.runtime.directive.Macro
2018-12-12 15:48:30,451 - Loaded System Directive: org.apache.velocity.runtime.directive.Parse
2018-12-12 15:48:30,461 - Loaded System Directive: org.apache.velocity.runtime.directive.Include
2018-12-12 15:48:30,466 - Loaded System Directive: org.apache.velocity.runtime.directive.Foreach
2018-12-12 15:48:30,530 - Created: 20 parsers.
2018-12-12 15:48:30,545 - Velocimacro : initialization starting.
2018-12-12 15:48:30,545 - Velocimacro : adding VMs from VM library template : VM_global_library.vm
2018-12-12 15:48:30,556 - ResourceManager : unable to find resource 'VM_global_library.vm' in any resource loader.
2018-12-12 15:48:30,556 - Velocimacro : error using  VM library template VM_global_library.vm : org.apache.velocity.exception.ResourceNotFoundException: Unable to find resource 'VM_global_library.vm'
2018-12-12 15:48:30,556 - Velocimacro :  VM library template macro registration complete.
2018-12-12 15:48:30,556 - Velocimacro : allowInline = true : VMs can be defined inline in templates
2018-12-12 15:48:30,556 - Velocimacro : allowInlineToOverride = false : VMs defined inline may NOT replace previous VM definitions
2018-12-12 15:48:30,556 - Velocimacro : allowInlineLocal = false : VMs defined inline will be  global in scope if allowed.
2018-12-12 15:48:30,556 - Velocimacro : messages on  : VM system will output logging messages
2018-12-12 15:48:30,556 - Velocimacro : autoload off  : VM system will not automatically reload global library macros
2018-12-12 15:48:30,556 - Velocimacro : initialization complete.
2018-12-12 15:48:30,556 - Velocity successfully started.
2018-12-12 15:49:02,724 - SimpleLog4JLogSystem initialized using logfile 'velocity.log'
2018-12-12 15:49:02,726 - ************************************************************** 
2018-12-12 15:49:02,726 - Starting Jakarta Velocity v1.4
2018-12-12 15:49:02,726 - RuntimeInstance initializing.
2018-12-12 15:49:02,726 - Default Properties File: org/apache/velocity/runtime/defaults/velocity.properties
2018-12-12 15:49:02,726 - Trying to use logger class org.apache.velocity.runtime.log.SimpleLog4JLogSystem
2018-12-12 15:49:02,726 - Using logger class org.apache.velocity.runtime.log.SimpleLog4JLogSystem
2018-12-12 15:49:02,756 - Default ResourceManager initializing. (class org.apache.velocity.runtime.resource.ResourceManagerImpl)
2018-12-12 15:49:02,826 - Resource Loader Instantiated: org.apache.velocity.runtime.resource.loader.ClasspathResourceLoader
2018-12-12 15:49:02,826 - ClasspathResourceLoader : initialization starting.
2018-12-12 15:49:02,826 - ClasspathResourceLoader : initialization complete.
2018-12-12 15:49:02,923 - ResourceCache : initialized. (class org.apache.velocity.runtime.resource.ResourceCacheImpl)
2018-12-12 15:49:02,923 - Default ResourceManager initialization complete.
2018-12-12 15:49:02,972 - Loaded System Directive: org.apache.velocity.runtime.directive.Literal
2018-12-12 15:49:03,020 - Loaded System Directive: org.apache.velocity.runtime.directive.Macro
2018-12-12 15:49:03,077 - Loaded System Directive: org.apache.velocity.runtime.directive.Parse
2018-12-12 15:49:03,089 - Loaded System Directive: org.apache.velocity.runtime.directive.Include
2018-12-12 15:49:03,123 - Loaded System Directive: org.apache.velocity.runtime.directive.Foreach
2018-12-12 15:49:03,516 - Created: 20 parsers.
2018-12-12 15:49:03,662 - Velocimacro : initialization starting.
2018-12-12 15:49:03,662 - Velocimacro : adding VMs from VM library template : VM_global_library.vm
2018-12-12 15:49:03,710 - ResourceManager : unable to find resource 'VM_global_library.vm' in any resource loader.
2018-12-12 15:49:03,710 - Velocimacro : error using  VM library template VM_global_library.vm : org.apache.velocity.exception.ResourceNotFoundException: Unable to find resource 'VM_global_library.vm'
2018-12-12 15:49:03,711 - Velocimacro :  VM library template macro registration complete.
2018-12-12 15:49:03,711 - Velocimacro : allowInline = true : VMs can be defined inline in templates
2018-12-12 15:49:03,711 - Velocimacro : allowInlineToOverride = false : VMs defined inline may NOT replace previous VM definitions
2018-12-12 15:49:03,711 - Velocimacro : allowInlineLocal = false : VMs defined inline will be  global in scope if allowed.
2018-12-12 15:49:03,711 - Velocimacro : messages on  : VM system will output logging messages
2018-12-12 15:49:03,711 - Velocimacro : autoload off  : VM system will not automatically reload global library macros
2018-12-12 15:49:03,711 - Velocimacro : initialization complete.
2018-12-12 15:49:03,711 - Velocity successfully started.
2018-12-12 15:49:06,561 - SimpleLog4JLogSystem initialized using logfile 'velocity.log'
2018-12-12 15:49:06,561 - ************************************************************** 
2018-12-12 15:49:06,561 - Starting Jakarta Velocity v1.4
2018-12-12 15:49:06,561 - RuntimeInstance initializing.
2018-12-12 15:49:06,561 - Default Properties File: org/apache/velocity/runtime/defaults/velocity.properties
2018-12-12 15:49:06,562 - Trying to use logger class org.apache.velocity.runtime.log.SimpleLog4JLogSystem
2018-12-12 15:49:06,562 - Using logger class org.apache.velocity.runtime.log.SimpleLog4JLogSystem
2018-12-12 15:49:06,597 - Default ResourceManager initializing. (class org.apache.velocity.runtime.resource.ResourceManagerImpl)
2018-12-12 15:49:06,623 - Resource Loader Instantiated: org.apache.velocity.runtime.resource.loader.ClasspathResourceLoader
2018-12-12 15:49:06,632 - ClasspathResourceLoader : initialization starting.
2018-12-12 15:49:06,633 - ClasspathResourceLoader : initialization complete.
2018-12-12 15:49:06,669 - ResourceCache : initialized. (class org.apache.velocity.runtime.resource.ResourceCacheImpl)
2018-12-12 15:49:06,669 - Default ResourceManager initialization complete.
2018-12-12 15:49:06,695 - Loaded System Directive: org.apache.velocity.runtime.directive.Literal
2018-12-12 15:49:06,714 - Loaded System Directive: org.apache.velocity.runtime.directive.Macro
2018-12-12 15:49:06,852 - Loaded System Directive: org.apache.velocity.runtime.directive.Parse
2018-12-12 15:49:06,904 - Loaded System Directive: org.apache.velocity.runtime.directive.Include
2018-12-12 15:49:06,910 - Loaded System Directive: org.apache.velocity.runtime.directive.Foreach
2018-12-12 15:49:07,293 - Created: 20 parsers.
2018-12-12 15:49:07,372 - Velocimacro : initialization starting.
2018-12-12 15:49:07,372 - Velocimacro : adding VMs from VM library template : VM_global_library.vm
2018-12-12 15:49:07,428 - ResourceManager : unable to find resource 'VM_global_library.vm' in any resource loader.
2018-12-12 15:49:07,428 - Velocimacro : error using  VM library template VM_global_library.vm : org.apache.velocity.exception.ResourceNotFoundException: Unable to find resource 'VM_global_library.vm'
2018-12-12 15:49:07,428 - Velocimacro :  VM library template macro registration complete.
2018-12-12 15:49:07,429 - Velocimacro : allowInline = true : VMs can be defined inline in templates
2018-12-12 15:49:07,429 - Velocimacro : allowInlineToOverride = false : VMs defined inline may NOT replace previous VM definitions
2018-12-12 15:49:07,429 - Velocimacro : allowInlineLocal = false : VMs defined inline will be  global in scope if allowed.
2018-12-12 15:49:07,429 - Velocimacro : messages on  : VM system will output logging messages
2018-12-12 15:49:07,429 - Velocimacro : autoload off  : VM system will not automatically reload global library macros
2018-12-12 15:49:07,429 - Velocimacro : initialization complete.
2018-12-12 15:49:07,429 - Velocity successfully started.
2018-12-12 15:49:10,666 - SimpleLog4JLogSystem initialized using logfile 'velocity.log'
2018-12-12 15:49:10,667 - ************************************************************** 
2018-12-12 15:49:10,667 - Starting Jakarta Velocity v1.4
2018-12-12 15:49:10,667 - RuntimeInstance initializing.
2018-12-12 15:49:10,667 - Default Properties File: org/apache/velocity/runtime/defaults/velocity.properties
2018-12-12 15:49:10,667 - Trying to use logger class org.apache.velocity.runtime.log.SimpleLog4JLogSystem
2018-12-12 15:49:10,667 - Using logger class org.apache.velocity.runtime.log.SimpleLog4JLogSystem
2018-12-12 15:49:10,686 - Default ResourceManager initializing. (class org.apache.velocity.runtime.resource.ResourceManagerImpl)
2018-12-12 15:49:10,743 - Resource Loader Instantiated: org.apache.velocity.runtime.resource.loader.ClasspathResourceLoader
2018-12-12 15:49:10,743 - ClasspathResourceLoader : initialization starting.
2018-12-12 15:49:10,743 - ClasspathResourceLoader : initialization complete.
2018-12-12 15:49:10,791 - ResourceCache : initialized. (class org.apache.velocity.runtime.resource.ResourceCacheImpl)
2018-12-12 15:49:10,791 - Default ResourceManager initialization complete.
2018-12-12 15:49:10,804 - Loaded System Directive: org.apache.velocity.runtime.directive.Literal
2018-12-12 15:49:10,818 - Loaded System Directive: org.apache.velocity.runtime.directive.Macro
2018-12-12 15:49:10,922 - Loaded System Directive: org.apache.velocity.runtime.directive.Parse
2018-12-12 15:49:10,934 - Loaded System Directive: org.apache.velocity.runtime.directive.Include
2018-12-12 15:49:10,941 - Loaded System Directive: org.apache.velocity.runtime.directive.Foreach
2018-12-12 15:49:11,171 - Created: 20 parsers.
2018-12-12 15:49:11,198 - Velocimacro : initialization starting.
2018-12-12 15:49:11,198 - Velocimacro : adding VMs from VM library template : VM_global_library.vm
2018-12-12 15:49:11,226 - ResourceManager : unable to find resource 'VM_global_library.vm' in any resource loader.
2018-12-12 15:49:11,226 - Velocimacro : error using  VM library template VM_global_library.vm : org.apache.velocity.exception.ResourceNotFoundException: Unable to find resource 'VM_global_library.vm'
2018-12-12 15:49:11,226 - Velocimacro :  VM library template macro registration complete.
2018-12-12 15:49:11,226 - Velocimacro : allowInline = true : VMs can be defined inline in templates
2018-12-12 15:49:11,226 - Velocimacro : allowInlineToOverride = false : VMs defined inline may NOT replace previous VM definitions
2018-12-12 15:49:11,226 - Velocimacro : allowInlineLocal = false : VMs defined inline will be  global in scope if allowed.
2018-12-12 15:49:11,226 - Velocimacro : messages on  : VM system will output logging messages
2018-12-12 15:49:11,226 - Velocimacro : autoload off  : VM system will not automatically reload global library macros
2018-12-12 15:49:11,226 - Velocimacro : initialization complete.
2018-12-12 15:49:11,226 - Velocity successfully started.
2018-12-12 15:51:03,315 - SimpleLog4JLogSystem initialized using logfile 'velocity.log'
2018-12-12 15:51:03,316 - ************************************************************** 
2018-12-12 15:51:03,316 - Starting Jakarta Velocity v1.4
2018-12-12 15:51:03,316 - RuntimeInstance initializing.
2018-12-12 15:51:03,316 - Default Properties File: org/apache/velocity/runtime/defaults/velocity.properties
2018-12-12 15:51:03,316 - Trying to use logger class org.apache.velocity.runtime.log.SimpleLog4JLogSystem
2018-12-12 15:51:03,316 - Using logger class org.apache.velocity.runtime.log.SimpleLog4JLogSystem
2018-12-12 15:51:03,332 - Default ResourceManager initializing. (class org.apache.velocity.runtime.resource.ResourceManagerImpl)
2018-12-12 15:51:03,348 - Resource Loader Instantiated: org.apache.velocity.runtime.resource.loader.ClasspathResourceLoader
2018-12-12 15:51:03,348 - ClasspathResourceLoader : initialization starting.
2018-12-12 15:51:03,348 - ClasspathResourceLoader : initialization complete.
2018-12-12 15:51:03,359 - ResourceCache : initialized. (class org.apache.velocity.runtime.resource.ResourceCacheImpl)
2018-12-12 15:51:03,359 - Default ResourceManager initialization complete.
2018-12-12 15:51:03,370 - Loaded System Directive: org.apache.velocity.runtime.directive.Literal
2018-12-12 15:51:03,380 - Loaded System Directive: org.apache.velocity.runtime.directive.Macro
2018-12-12 15:51:03,393 - Loaded System Directive: org.apache.velocity.runtime.directive.Parse
2018-12-12 15:51:03,405 - Loaded System Directive: org.apache.velocity.runtime.directive.Include
2018-12-12 15:51:03,409 - Loaded System Directive: org.apache.velocity.runtime.directive.Foreach
2018-12-12 15:51:03,508 - Created: 20 parsers.
2018-12-12 15:51:03,571 - Velocimacro : initialization starting.
2018-12-12 15:51:03,572 - Velocimacro : adding VMs from VM library template : VM_global_library.vm
2018-12-12 15:51:03,591 - ResourceManager : unable to find resource 'VM_global_library.vm' in any resource loader.
2018-12-12 15:51:03,591 - Velocimacro : error using  VM library template VM_global_library.vm : org.apache.velocity.exception.ResourceNotFoundException: Unable to find resource 'VM_global_library.vm'
2018-12-12 15:51:03,591 - Velocimacro :  VM library template macro registration complete.
2018-12-12 15:51:03,591 - Velocimacro : allowInline = true : VMs can be defined inline in templates
2018-12-12 15:51:03,591 - Velocimacro : allowInlineToOverride = false : VMs defined inline may NOT replace previous VM definitions
2018-12-12 15:51:03,591 - Velocimacro : allowInlineLocal = false : VMs defined inline will be  global in scope if allowed.
2018-12-12 15:51:03,591 - Velocimacro : messages on  : VM system will output logging messages
2018-12-12 15:51:03,591 - Velocimacro : autoload off  : VM system will not automatically reload global library macros
2018-12-12 15:51:03,592 - Velocimacro : initialization complete.
2018-12-12 15:51:03,592 - Velocity successfully started.
2018-12-12 15:52:24,238 - SimpleLog4JLogSystem initialized using logfile 'velocity.log'
2018-12-12 15:52:24,238 - ************************************************************** 
2018-12-12 15:52:24,238 - Starting Jakarta Velocity v1.4
2018-12-12 15:52:24,238 - RuntimeInstance initializing.
2018-12-12 15:52:24,238 - Default Properties File: org/apache/velocity/runtime/defaults/velocity.properties
2018-12-12 15:52:24,239 - Trying to use logger class org.apache.velocity.runtime.log.SimpleLog4JLogSystem
2018-12-12 15:52:24,239 - Using logger class org.apache.velocity.runtime.log.SimpleLog4JLogSystem
2018-12-12 15:52:24,253 - Default ResourceManager initializing. (class org.apache.velocity.runtime.resource.ResourceManagerImpl)
2018-12-12 15:52:24,269 - Resource Loader Instantiated: org.apache.velocity.runtime.resource.loader.ClasspathResourceLoader
2018-12-12 15:52:24,270 - ClasspathResourceLoader : initialization starting.
2018-12-12 15:52:24,270 - ClasspathResourceLoader : initialization complete.
2018-12-12 15:52:24,282 - ResourceCache : initialized. (class org.apache.velocity.runtime.resource.ResourceCacheImpl)
2018-12-12 15:52:24,282 - Default ResourceManager initialization complete.
2018-12-12 15:52:24,293 - Loaded System Directive: org.apache.velocity.runtime.directive.Literal
2018-12-12 15:52:24,304 - Loaded System Directive: org.apache.velocity.runtime.directive.Macro
2018-12-12 15:52:24,320 - Loaded System Directive: org.apache.velocity.runtime.directive.Parse
2018-12-12 15:52:24,331 - Loaded System Directive: org.apache.velocity.runtime.directive.Include
2018-12-12 15:52:24,337 - Loaded System Directive: org.apache.velocity.runtime.directive.Foreach
2018-12-12 15:52:24,431 - Created: 20 parsers.
2018-12-12 15:52:24,474 - Velocimacro : initialization starting.
2018-12-12 15:52:24,474 - Velocimacro : adding VMs from VM library template : VM_global_library.vm
2018-12-12 15:52:24,493 - ResourceManager : unable to find resource 'VM_global_library.vm' in any resource loader.
2018-12-12 15:52:24,493 - Velocimacro : error using  VM library template VM_global_library.vm : org.apache.velocity.exception.ResourceNotFoundException: Unable to find resource 'VM_global_library.vm'
2018-12-12 15:52:24,493 - Velocimacro :  VM library template macro registration complete.
2018-12-12 15:52:24,493 - Velocimacro : allowInline = true : VMs can be defined inline in templates
2018-12-12 15:52:24,493 - Velocimacro : allowInlineToOverride = false : VMs defined inline may NOT replace previous VM definitions
2018-12-12 15:52:24,493 - Velocimacro : allowInlineLocal = false : VMs defined inline will be  global in scope if allowed.
2018-12-12 15:52:24,493 - Velocimacro : messages on  : VM system will output logging messages
2018-12-12 15:52:24,493 - Velocimacro : autoload off  : VM system will not automatically reload global library macros
2018-12-12 15:52:24,493 - Velocimacro : initialization complete.
2018-12-12 15:52:24,493 - Velocity successfully started.
2018-12-12 15:59:28,558 - SimpleLog4JLogSystem initialized using logfile 'velocity.log'
2018-12-12 15:59:28,558 - ************************************************************** 
2018-12-12 15:59:28,558 - Starting Jakarta Velocity v1.4
2018-12-12 15:59:28,558 - RuntimeInstance initializing.
2018-12-12 15:59:28,558 - Default Properties File: org/apache/velocity/runtime/defaults/velocity.properties
2018-12-12 15:59:28,558 - Trying to use logger class org.apache.velocity.runtime.log.SimpleLog4JLogSystem
2018-12-12 15:59:28,558 - Using logger class org.apache.velocity.runtime.log.SimpleLog4JLogSystem
2018-12-12 15:59:28,574 - Default ResourceManager initializing. (class org.apache.velocity.runtime.resource.ResourceManagerImpl)
2018-12-12 15:59:28,590 - Resource Loader Instantiated: org.apache.velocity.runtime.resource.loader.ClasspathResourceLoader
2018-12-12 15:59:28,591 - ClasspathResourceLoader : initialization starting.
2018-12-12 15:59:28,591 - ClasspathResourceLoader : initialization complete.
2018-12-12 15:59:28,602 - ResourceCache : initialized. (class org.apache.velocity.runtime.resource.ResourceCacheImpl)
2018-12-12 15:59:28,602 - Default ResourceManager initialization complete.
2018-12-12 15:59:28,612 - Loaded System Directive: org.apache.velocity.runtime.directive.Literal
2018-12-12 15:59:28,623 - Loaded System Directive: org.apache.velocity.runtime.directive.Macro
2018-12-12 15:59:28,638 - Loaded System Directive: org.apache.velocity.runtime.directive.Parse
2018-12-12 15:59:28,649 - Loaded System Directive: org.apache.velocity.runtime.directive.Include
2018-12-12 15:59:28,654 - Loaded System Directive: org.apache.velocity.runtime.directive.Foreach
2018-12-12 15:59:28,819 - Created: 20 parsers.
2018-12-12 15:59:28,924 - Velocimacro : initialization starting.
2018-12-12 15:59:28,925 - Velocimacro : adding VMs from VM library template : VM_global_library.vm
2018-12-12 15:59:28,971 - ResourceManager : unable to find resource 'VM_global_library.vm' in any resource loader.
2018-12-12 15:59:28,971 - Velocimacro : error using  VM library template VM_global_library.vm : org.apache.velocity.exception.ResourceNotFoundException: Unable to find resource 'VM_global_library.vm'
2018-12-12 15:59:28,972 - Velocimacro :  VM library template macro registration complete.
2018-12-12 15:59:28,972 - Velocimacro : allowInline = true : VMs can be defined inline in templates
2018-12-12 15:59:28,972 - Velocimacro : allowInlineToOverride = false : VMs defined inline may NOT replace previous VM definitions
2018-12-12 15:59:28,972 - Velocimacro : allowInlineLocal = false : VMs defined inline will be  global in scope if allowed.
2018-12-12 15:59:28,972 - Velocimacro : messages on  : VM system will output logging messages
2018-12-12 15:59:28,972 - Velocimacro : autoload off  : VM system will not automatically reload global library macros
2018-12-12 15:59:28,972 - Velocimacro : initialization complete.
2018-12-12 15:59:28,972 - Velocity successfully started.
2018-12-12 16:44:21,146 - SimpleLog4JLogSystem initialized using logfile 'velocity.log'
2018-12-12 16:44:21,148 - ************************************************************** 
2018-12-12 16:44:21,148 - Starting Jakarta Velocity v1.4
2018-12-12 16:44:21,148 - RuntimeInstance initializing.
2018-12-12 16:44:21,148 - Default Properties File: org/apache/velocity/runtime/defaults/velocity.properties
2018-12-12 16:44:21,148 - Trying to use logger class org.apache.velocity.runtime.log.SimpleLog4JLogSystem
2018-12-12 16:44:21,148 - Using logger class org.apache.velocity.runtime.log.SimpleLog4JLogSystem
2018-12-12 16:44:21,163 - Default ResourceManager initializing. (class org.apache.velocity.runtime.resource.ResourceManagerImpl)
2018-12-12 16:44:21,183 - Resource Loader Instantiated: org.apache.velocity.runtime.resource.loader.ClasspathResourceLoader
2018-12-12 16:44:21,183 - ClasspathResourceLoader : initialization starting.
2018-12-12 16:44:21,183 - ClasspathResourceLoader : initialization complete.
2018-12-12 16:44:21,189 - ResourceCache : initialized. (class org.apache.velocity.runtime.resource.ResourceCacheImpl)
2018-12-12 16:44:21,189 - Default ResourceManager initialization complete.
2018-12-12 16:44:21,199 - Loaded System Directive: org.apache.velocity.runtime.directive.Literal
2018-12-12 16:44:21,206 - Loaded System Directive: org.apache.velocity.runtime.directive.Macro
2018-12-12 16:44:21,215 - Loaded System Directive: org.apache.velocity.runtime.directive.Parse
2018-12-12 16:44:21,222 - Loaded System Directive: org.apache.velocity.runtime.directive.Include
2018-12-12 16:44:21,227 - Loaded System Directive: org.apache.velocity.runtime.directive.Foreach
2018-12-12 16:44:21,293 - Created: 20 parsers.
2018-12-12 16:44:21,324 - Velocimacro : initialization starting.
2018-12-12 16:44:21,324 - Velocimacro : adding VMs from VM library template : VM_global_library.vm
2018-12-12 16:44:21,330 - ResourceManager : unable to find resource 'VM_global_library.vm' in any resource loader.
2018-12-12 16:44:21,330 - Velocimacro : error using  VM library template VM_global_library.vm : org.apache.velocity.exception.ResourceNotFoundException: Unable to find resource 'VM_global_library.vm'
2018-12-12 16:44:21,330 - Velocimacro :  VM library template macro registration complete.
2018-12-12 16:44:21,330 - Velocimacro : allowInline = true : VMs can be defined inline in templates
2018-12-12 16:44:21,330 - Velocimacro : allowInlineToOverride = false : VMs defined inline may NOT replace previous VM definitions
2018-12-12 16:44:21,330 - Velocimacro : allowInlineLocal = false : VMs defined inline will be  global in scope if allowed.
2018-12-12 16:44:21,330 - Velocimacro : messages on  : VM system will output logging messages
2018-12-12 16:44:21,330 - Velocimacro : autoload off  : VM system will not automatically reload global library macros
2018-12-12 16:44:21,330 - Velocimacro : initialization complete.
2018-12-12 16:44:21,330 - Velocity successfully started.
2018-12-12 16:48:33,382 - SimpleLog4JLogSystem initialized using logfile 'velocity.log'
2018-12-12 16:48:33,384 - ************************************************************** 
2018-12-12 16:48:33,384 - Starting Jakarta Velocity v1.4
2018-12-12 16:48:33,384 - RuntimeInstance initializing.
2018-12-12 16:48:33,384 - Default Properties File: org/apache/velocity/runtime/defaults/velocity.properties
2018-12-12 16:48:33,384 - Trying to use logger class org.apache.velocity.runtime.log.SimpleLog4JLogSystem
2018-12-12 16:48:33,384 - Using logger class org.apache.velocity.runtime.log.SimpleLog4JLogSystem
2018-12-12 16:48:33,419 - Default ResourceManager initializing. (class org.apache.velocity.runtime.resource.ResourceManagerImpl)
2018-12-12 16:48:33,466 - Resource Loader Instantiated: org.apache.velocity.runtime.resource.loader.ClasspathResourceLoader
2018-12-12 16:48:33,466 - ClasspathResourceLoader : initialization starting.
2018-12-12 16:48:33,466 - ClasspathResourceLoader : initialization complete.
2018-12-12 16:48:33,499 - ResourceCache : initialized. (class org.apache.velocity.runtime.resource.ResourceCacheImpl)
2018-12-12 16:48:33,499 - Default ResourceManager initialization complete.
2018-12-12 16:48:33,515 - Loaded System Directive: org.apache.velocity.runtime.directive.Literal
2018-12-12 16:48:33,536 - Loaded System Directive: org.apache.velocity.runtime.directive.Macro
2018-12-12 16:48:33,578 - Loaded System Directive: org.apache.velocity.runtime.directive.Parse
2018-12-12 16:48:33,590 - Loaded System Directive: org.apache.velocity.runtime.directive.Include
2018-12-12 16:48:33,606 - Loaded System Directive: org.apache.velocity.runtime.directive.Foreach
2018-12-12 16:48:33,814 - Created: 20 parsers.
2018-12-12 16:48:33,997 - Velocimacro : initialization starting.
2018-12-12 16:48:33,997 - Velocimacro : adding VMs from VM library template : VM_global_library.vm
2018-12-12 16:48:34,036 - ResourceManager : unable to find resource 'VM_global_library.vm' in any resource loader.
2018-12-12 16:48:34,036 - Velocimacro : error using  VM library template VM_global_library.vm : org.apache.velocity.exception.ResourceNotFoundException: Unable to find resource 'VM_global_library.vm'
2018-12-12 16:48:34,037 - Velocimacro :  VM library template macro registration complete.
2018-12-12 16:48:34,037 - Velocimacro : allowInline = true : VMs can be defined inline in templates
2018-12-12 16:48:34,037 - Velocimacro : allowInlineToOverride = false : VMs defined inline may NOT replace previous VM definitions
2018-12-12 16:48:34,037 - Velocimacro : allowInlineLocal = false : VMs defined inline will be  global in scope if allowed.
2018-12-12 16:48:34,037 - Velocimacro : messages on  : VM system will output logging messages
2018-12-12 16:48:34,037 - Velocimacro : autoload off  : VM system will not automatically reload global library macros
2018-12-12 16:48:34,037 - Velocimacro : initialization complete.
2018-12-12 16:48:34,037 - Velocity successfully started.
2018-12-12 16:48:35,803 - SimpleLog4JLogSystem initialized using logfile 'velocity.log'
2018-12-12 16:48:35,803 - ************************************************************** 
2018-12-12 16:48:35,803 - Starting Jakarta Velocity v1.4
2018-12-12 16:48:35,803 - RuntimeInstance initializing.
2018-12-12 16:48:35,803 - Default Properties File: org/apache/velocity/runtime/defaults/velocity.properties
2018-12-12 16:48:35,803 - Trying to use logger class org.apache.velocity.runtime.log.SimpleLog4JLogSystem
2018-12-12 16:48:35,803 - Using logger class org.apache.velocity.runtime.log.SimpleLog4JLogSystem
2018-12-12 16:48:35,882 - Default ResourceManager initializing. (class org.apache.velocity.runtime.resource.ResourceManagerImpl)
2018-12-12 16:48:35,936 - Resource Loader Instantiated: org.apache.velocity.runtime.resource.loader.ClasspathResourceLoader
2018-12-12 16:48:35,936 - ClasspathResourceLoader : initialization starting.
2018-12-12 16:48:35,936 - ClasspathResourceLoader : initialization complete.
2018-12-12 16:48:35,977 - ResourceCache : initialized. (class org.apache.velocity.runtime.resource.ResourceCacheImpl)
2018-12-12 16:48:35,978 - Default ResourceManager initialization complete.
2018-12-12 16:48:36,013 - Loaded System Directive: org.apache.velocity.runtime.directive.Literal
2018-12-12 16:48:36,035 - Loaded System Directive: org.apache.velocity.runtime.directive.Macro
2018-12-12 16:48:36,083 - Loaded System Directive: org.apache.velocity.runtime.directive.Parse
2018-12-12 16:48:36,132 - Loaded System Directive: org.apache.velocity.runtime.directive.Include
2018-12-12 16:48:36,141 - Loaded System Directive: org.apache.velocity.runtime.directive.Foreach
2018-12-12 16:48:36,408 - Created: 20 parsers.
2018-12-12 16:48:36,525 - Velocimacro : initialization starting.
2018-12-12 16:48:36,526 - Velocimacro : adding VMs from VM library template : VM_global_library.vm
2018-12-12 16:48:36,558 - ResourceManager : unable to find resource 'VM_global_library.vm' in any resource loader.
2018-12-12 16:48:36,559 - Velocimacro : error using  VM library template VM_global_library.vm : org.apache.velocity.exception.ResourceNotFoundException: Unable to find resource 'VM_global_library.vm'
2018-12-12 16:48:36,560 - Velocimacro :  VM library template macro registration complete.
2018-12-12 16:48:36,560 - Velocimacro : allowInline = true : VMs can be defined inline in templates
2018-12-12 16:48:36,560 - Velocimacro : allowInlineToOverride = false : VMs defined inline may NOT replace previous VM definitions
2018-12-12 16:48:36,560 - Velocimacro : allowInlineLocal = false : VMs defined inline will be  global in scope if allowed.
2018-12-12 16:48:36,560 - Velocimacro : messages on  : VM system will output logging messages
2018-12-12 16:48:36,561 - Velocimacro : autoload off  : VM system will not automatically reload global library macros
2018-12-12 16:48:36,561 - Velocimacro : initialization complete.
2018-12-12 16:48:36,561 - Velocity successfully started.
